#
# There is insufficient memory for the Java Runtime Environment to continue.
# Native memory allocation (malloc) failed to allocate 910656 bytes for Chunk::new
# Possible reasons:
#   The system is out of physical RAM or swap space
#   The process is running with CompressedOops enabled, and the Java Heap may be blocking the growth of the native heap
# Possible solutions:
#   Reduce memory load on the system
#   Increase physical memory or swap space
#   Check if swap backing store is full
#   Decrease Java heap size (-Xmx/-Xms)
#   Decrease number of Java threads
#   Decrease Java thread stack sizes (-Xss)
#   Set larger code cache with -XX:ReservedCodeCacheSize=
#   JVM is running with Unscaled Compressed Oops mode in which the Java heap is
#     placed in the first 4GB address space. The Java Heap base address is the
#     maximum limit for the native heap growth. Please use -XX:HeapBaseMinAddress
#     to set the Java Heap base and to place the Java Heap above 4GB virtual address.
# This output file may be truncated or incomplete.
#
#  Out of Memory Error (arena.cpp:189), pid=5724, tid=8152
#
# JRE version: OpenJDK Runtime Environment (17.0.6) (build 17.0.6+0-b2043.56-10027231)
# Java VM: OpenJDK 64-Bit Server VM (17.0.6+0-b2043.56-10027231, mixed mode, tiered, compressed oops, compressed class ptrs, g1 gc, windows-amd64)
# No core dump will be written. Minidumps are not enabled by default on client versions of Windows
#

---------------  S U M M A R Y ------------

Command Line: --add-opens=java.base/java.util=ALL-UNNAMED --add-opens=java.base/java.lang=ALL-UNNAMED --add-opens=java.base/java.lang.invoke=ALL-UNNAMED --add-opens=java.prefs/java.util.prefs=ALL-UNNAMED --add-opens=java.base/java.nio.charset=ALL-UNNAMED --add-opens=java.base/java.net=ALL-UNNAMED --add-opens=java.base/java.util.concurrent.atomic=ALL-UNNAMED -Xmx2048m -Dfile.encoding=UTF-8 -Duser.country=US -Duser.language=en -Duser.variant org.gradle.launcher.daemon.bootstrap.GradleDaemon 8.0

Host: Intel(R) Celeron(R) N4020 CPU @ 1.10GHz, 2 cores, 3G,  Windows 11 , 64 bit Build 22621 (10.0.22621.3672)
Time: Wed Oct 23 20:36:04 2024 SE Asia Standard Time elapsed time: 41.525716 seconds (0d 0h 0m 41s)

---------------  T H R E A D  ---------------

Current thread (0x000000001ce101c0):  JavaThread "C2 CompilerThread0" daemon [_thread_in_native, id=8152, stack(0x000000001d600000,0x000000001d700000)]


Current CompileTask:
C2:  41525 5791   !   4       java.net.URLClassLoader::findClass (47 bytes)

Stack: [0x000000001d600000,0x000000001d700000]
Native frames: (J=compiled Java code, j=interpreted, Vv=VM code, C=native code)
V  [jvm.dll+0x683c9a]
V  [jvm.dll+0x8427a4]
V  [jvm.dll+0x843f9e]
V  [jvm.dll+0x844603]
V  [jvm.dll+0x249b75]
V  [jvm.dll+0xabcac]
V  [jvm.dll+0xac27c]
V  [jvm.dll+0x2b0eef]
V  [jvm.dll+0x58a267]
V  [jvm.dll+0x2243b2]
V  [jvm.dll+0x22478f]
V  [jvm.dll+0x21e055]
V  [jvm.dll+0x21b51b]
V  [jvm.dll+0x1a4fdd]
V  [jvm.dll+0x22b098]
V  [jvm.dll+0x229159]
V  [jvm.dll+0x7f81ec]
V  [jvm.dll+0x7f274a]
V  [jvm.dll+0x682ad5]
C  [ucrtbase.dll+0x29333]
C  [KERNEL32.DLL+0x1257d]
C  [ntdll.dll+0x5af28]


---------------  P R O C E S S  ---------------

Threads class SMR info:
_java_thread_list=0x0000000020fa4d90, length=58, elements={
0x0000000002a4ee30, 0x000000001c0cb4f0, 0x000000001c0ce370, 0x000000001ce0a1a0,
0x000000001ce0bec0, 0x000000001ce0ca70, 0x000000001ce0f430, 0x000000001ce101c0,
0x000000001ce14c70, 0x000000001c12e9e0, 0x000000001cf7c010, 0x000000001cf804f0,
0x000000001f4321d0, 0x000000001f47d980, 0x000000001f368740, 0x00000000200b85a0,
0x0000000020507010, 0x00000000203f7e10, 0x00000000203f9620, 0x00000000203fb300,
0x00000000203fa960, 0x00000000203f82e0, 0x00000000203f9fc0, 0x00000000203fae30,
0x00000000203f8c80, 0x00000000203fb7d0, 0x00000000203f9150, 0x00000000203f87b0,
0x00000000203f9af0, 0x0000000020196a50, 0x000000002019b750, 0x0000000020198260,
0x0000000020196580, 0x0000000020199f40, 0x00000000201960b0, 0x0000000020197d90,
0x000000002019c0f0, 0x00000000201973f0, 0x00000000201978c0, 0x0000000020198c00,
0x000000002019c5c0, 0x000000002019a410, 0x00000000201990d0, 0x0000000020195710,
0x00000000201995a0, 0x000000002019bc20, 0x000000002019a8e0, 0x0000000020199a70,
0x0000000020195240, 0x000000001f092530, 0x000000001f095a20, 0x000000001f095550,
0x000000001f092060, 0x000000001f093870, 0x000000001f094bb0, 0x000000001f0933a0,
0x000000001f092a00, 0x000000001f092ed0
}

Java Threads: ( => current thread )
  0x0000000002a4ee30 JavaThread "main" [_thread_blocked, id=2660, stack(0x0000000002110000,0x0000000002210000)]
  0x000000001c0cb4f0 JavaThread "Reference Handler" daemon [_thread_blocked, id=7100, stack(0x000000001c230000,0x000000001c330000)]
  0x000000001c0ce370 JavaThread "Finalizer" daemon [_thread_blocked, id=3008, stack(0x000000001cc00000,0x000000001cd00000)]
  0x000000001ce0a1a0 JavaThread "Signal Dispatcher" daemon [_thread_blocked, id=1616, stack(0x000000001d200000,0x000000001d300000)]
  0x000000001ce0bec0 JavaThread "Attach Listener" daemon [_thread_blocked, id=2996, stack(0x000000001d300000,0x000000001d400000)]
  0x000000001ce0ca70 JavaThread "Service Thread" daemon [_thread_blocked, id=1904, stack(0x000000001d400000,0x000000001d500000)]
  0x000000001ce0f430 JavaThread "Monitor Deflation Thread" daemon [_thread_blocked, id=5112, stack(0x000000001d500000,0x000000001d600000)]
=>0x000000001ce101c0 JavaThread "C2 CompilerThread0" daemon [_thread_in_native, id=8152, stack(0x000000001d600000,0x000000001d700000)]
  0x000000001ce14c70 JavaThread "C1 CompilerThread0" daemon [_thread_blocked, id=1400, stack(0x000000001d700000,0x000000001d800000)]
  0x000000001c12e9e0 JavaThread "Sweeper thread" daemon [_thread_blocked, id=7424, stack(0x000000001d800000,0x000000001d900000)]
  0x000000001cf7c010 JavaThread "Common-Cleaner" daemon [_thread_blocked, id=6788, stack(0x000000001d900000,0x000000001da00000)]
  0x000000001cf804f0 JavaThread "Notification Thread" daemon [_thread_blocked, id=3396, stack(0x000000001da00000,0x000000001db00000)]
  0x000000001f4321d0 JavaThread "Daemon health stats" [_thread_blocked, id=6336, stack(0x000000001f4d0000,0x000000001f5d0000)]
  0x000000001f47d980 JavaThread "Incoming local TCP Connector on port 51968" [_thread_in_native, id=2456, stack(0x000000001f5d0000,0x000000001f6d0000)]
  0x000000001f368740 JavaThread "Daemon periodic checks" [_thread_blocked, id=6376, stack(0x000000001f6d0000,0x000000001f7d0000)]
  0x00000000200b85a0 JavaThread "Daemon" [_thread_blocked, id=7800, stack(0x0000000021460000,0x0000000021560000)]
  0x0000000020507010 JavaThread "Handler for socket connection from /127.0.0.1:51968 to /127.0.0.1:51970" [_thread_in_native, id=2748, stack(0x0000000021560000,0x0000000021660000)]
  0x00000000203f7e10 JavaThread "Cancel handler" [_thread_blocked, id=3464, stack(0x0000000021660000,0x0000000021760000)]
  0x00000000203f9620 JavaThread "Daemon worker" [_thread_in_vm, id=5536, stack(0x0000000022000000,0x0000000022100000)]
  0x00000000203fb300 JavaThread "Asynchronous log dispatcher for DefaultDaemonConnection: socket connection from /127.0.0.1:51968 to /127.0.0.1:51970" [_thread_blocked, id=940, stack(0x0000000022100000,0x0000000022200000)]
  0x00000000203fa960 JavaThread "Stdin handler" [_thread_blocked, id=6556, stack(0x0000000022200000,0x0000000022300000)]
  0x00000000203f82e0 JavaThread "Daemon client event forwarder" [_thread_blocked, id=7572, stack(0x0000000022300000,0x0000000022400000)]
  0x00000000203f9fc0 JavaThread "Cache worker for journal cache (C:\Users\Admin\.gradle\caches\journal-1)" [_thread_blocked, id=6184, stack(0x00000000233d0000,0x00000000234d0000)]
  0x00000000203fae30 JavaThread "File lock request listener" [_thread_in_native, id=2380, stack(0x00000000234d0000,0x00000000235d0000)]
  0x00000000203f8c80 JavaThread "Cache worker for file hash cache (C:\Users\Admin\.gradle\caches\8.0\fileHashes)" [_thread_blocked, id=4504, stack(0x00000000235d0000,0x00000000236d0000)]
  0x00000000203fb7d0 JavaThread "File watcher server" daemon [_thread_in_native, id=7504, stack(0x00000000236d0000,0x00000000237d0000)]
  0x00000000203f9150 JavaThread "File watcher consumer" daemon [_thread_blocked, id=4852, stack(0x0000000024000000,0x0000000024100000)]
  0x00000000203f87b0 JavaThread "Cache worker for checksums cache (C:\Users\Admin\AndroidStudioProjects\LBACAKU\.gradle\8.0\checksums)" [_thread_blocked, id=7908, stack(0x0000000024100000,0x0000000024200000)]
  0x00000000203f9af0 JavaThread "Cache worker for cache directory md-rule (C:\Users\Admin\.gradle\caches\8.0\md-rule)" [_thread_blocked, id=5084, stack(0x0000000024200000,0x0000000024300000)]
  0x0000000020196a50 JavaThread "Cache worker for file content cache (C:\Users\Admin\.gradle\caches\8.0\fileContent)" [_thread_blocked, id=7284, stack(0x0000000024300000,0x0000000024400000)]
  0x000000002019b750 JavaThread "Cache worker for file hash cache (C:\Users\Admin\AndroidStudioProjects\LBACAKU\.gradle\8.0\fileHashes)" [_thread_blocked, id=2404, stack(0x0000000024400000,0x0000000024500000)]
  0x0000000020198260 JavaThread "Cache worker for cache directory md-supplier (C:\Users\Admin\.gradle\caches\8.0\md-supplier)" [_thread_blocked, id=4628, stack(0x0000000024500000,0x0000000024600000)]
  0x0000000020196580 JavaThread "Cache worker for execution history cache (C:\Users\Admin\.gradle\caches\8.0\executionHistory)" [_thread_blocked, id=4940, stack(0x0000000024600000,0x0000000024700000)]
  0x0000000020199f40 JavaThread "jar transforms" [_thread_blocked, id=7828, stack(0x0000000024700000,0x0000000024800000)]
  0x00000000201960b0 JavaThread "jar transforms Thread 2" [_thread_blocked, id=6292, stack(0x0000000024800000,0x0000000024900000)]
  0x0000000020197d90 JavaThread "Cache worker for kotlin-dsl (C:\Users\Admin\.gradle\caches\8.0\kotlin-dsl)" [_thread_blocked, id=3128, stack(0x0000000024a00000,0x0000000024b00000)]
  0x000000002019c0f0 JavaThread "Cache worker for dependencies-accessors (C:\Users\Admin\AndroidStudioProjects\LBACAKU\.gradle\8.0\dependencies-accessors)" [_thread_blocked, id=3300, stack(0x0000000024b00000,0x0000000024c00000)]
  0x00000000201973f0 JavaThread "Cache worker for Build Output Cleanup Cache (C:\Users\Admin\AndroidStudioProjects\LBACAKU\.gradle\buildOutputCleanup)" [_thread_blocked, id=2152, stack(0x0000000025c00000,0x0000000025d00000)]
  0x00000000201978c0 JavaThread "Unconstrained build operations" [_thread_blocked, id=260, stack(0x0000000025d00000,0x0000000025e00000)]
  0x0000000020198c00 JavaThread "Unconstrained build operations Thread 2" [_thread_blocked, id=8180, stack(0x0000000025e00000,0x0000000025f00000)]
  0x000000002019c5c0 JavaThread "Unconstrained build operations Thread 3" [_thread_blocked, id=7584, stack(0x0000000025f00000,0x0000000026000000)]
  0x000000002019a410 JavaThread "Unconstrained build operations Thread 4" [_thread_blocked, id=7996, stack(0x0000000026000000,0x0000000026100000)]
  0x00000000201990d0 JavaThread "Unconstrained build operations Thread 5" [_thread_blocked, id=7708, stack(0x0000000027140000,0x0000000027240000)]
  0x0000000020195710 JavaThread "Unconstrained build operations Thread 6" [_thread_blocked, id=5908, stack(0x0000000027240000,0x0000000027340000)]
  0x00000000201995a0 JavaThread "Unconstrained build operations Thread 7" [_thread_blocked, id=7448, stack(0x0000000027340000,0x0000000027440000)]
  0x000000002019bc20 JavaThread "Unconstrained build operations Thread 8" [_thread_blocked, id=5076, stack(0x0000000027440000,0x0000000027540000)]
  0x000000002019a8e0 JavaThread "Unconstrained build operations Thread 9" [_thread_blocked, id=7024, stack(0x0000000027540000,0x0000000027640000)]
  0x0000000020199a70 JavaThread "Unconstrained build operations Thread 10" [_thread_blocked, id=5872, stack(0x0000000027640000,0x0000000027740000)]
  0x0000000020195240 JavaThread "Unconstrained build operations Thread 11" [_thread_blocked, id=7920, stack(0x0000000027740000,0x0000000027840000)]
  0x000000001f092530 JavaThread "Unconstrained build operations Thread 12" [_thread_blocked, id=5416, stack(0x0000000027840000,0x0000000027940000)]
  0x000000001f095a20 JavaThread "Unconstrained build operations Thread 13" [_thread_blocked, id=3596, stack(0x0000000027940000,0x0000000027a40000)]
  0x000000001f095550 JavaThread "Unconstrained build operations Thread 14" [_thread_blocked, id=4392, stack(0x0000000027a40000,0x0000000027b40000)]
  0x000000001f092060 JavaThread "Unconstrained build operations Thread 15" [_thread_blocked, id=2228, stack(0x0000000027b40000,0x0000000027c40000)]
  0x000000001f093870 JavaThread "Unconstrained build operations Thread 16" [_thread_blocked, id=8172, stack(0x0000000027c40000,0x0000000027d40000)]
  0x000000001f094bb0 JavaThread "Unconstrained build operations Thread 17" [_thread_blocked, id=5976, stack(0x0000000027d40000,0x0000000027e40000)]
  0x000000001f0933a0 JavaThread "Unconstrained build operations Thread 18" [_thread_blocked, id=2624, stack(0x0000000027e40000,0x0000000027f40000)]
  0x000000001f092a00 JavaThread "Unconstrained build operations Thread 19" [_thread_blocked, id=6928, stack(0x0000000027f40000,0x0000000028040000)]
  0x000000001f092ed0 JavaThread "Unconstrained build operations Thread 20" [_thread_blocked, id=2064, stack(0x0000000028040000,0x0000000028140000)]

Other Threads:
  0x000000001c070d10 VMThread "VM Thread" [stack: 0x000000001c130000,0x000000001c230000] [id=7320]
  0x000000001cf98410 WatcherThread [stack: 0x000000001db00000,0x000000001dc00000] [id=7352]
  0x0000000002aa8d50 GCTaskThread "GC Thread#0" [stack: 0x0000000002690000,0x0000000002790000] [id=2900]
  0x000000001d042030 GCTaskThread "GC Thread#1" [stack: 0x000000001dc00000,0x000000001dd00000] [id=3416]
  0x0000000002ab9c90 ConcurrentGCThread "G1 Main Marker" [stack: 0x0000000002790000,0x0000000002890000] [id=6424]
  0x0000000002aba6a0 ConcurrentGCThread "G1 Conc#0" [stack: 0x0000000002890000,0x0000000002990000] [id=7588]
  0x0000000002aeea40 ConcurrentGCThread "G1 Refine#0" [stack: 0x000000001bd30000,0x000000001be30000] [id=1488]
  0x000000001e611c90 ConcurrentGCThread "G1 Refine#1" [stack: 0x0000000024900000,0x0000000024a00000] [id=3032]
  0x0000000002aef460 ConcurrentGCThread "G1 Service" [stack: 0x000000001be30000,0x000000001bf30000] [id=1304]

Threads with active compile tasks:
C2 CompilerThread0    41584 5791   !   4       java.net.URLClassLoader::findClass (47 bytes)

VM state: not at safepoint (normal execution)

VM Mutex/Monitor currently owned by a thread: None

Heap address: 0x0000000080000000, size: 2048 MB, Compressed Oops mode: 32-bit

CDS archive(s) not mapped
Compressed class space mapped at: 0x0000000100000000-0x0000000140000000, reserved size: 1073741824
Narrow klass base: 0x0000000000000000, Narrow klass shift: 3, Narrow klass range: 0x140000000

GC Precious Log:
 CPUs: 2 total, 2 available
 Memory: 3737M
 Large Page Support: Disabled
 NUMA Support: Disabled
 Compressed Oops: Enabled (32-bit)
 Heap Region Size: 1M
 Heap Min Capacity: 8M
 Heap Initial Capacity: 60M
 Heap Max Capacity: 2G
 Pre-touch: Disabled
 Parallel Workers: 2
 Concurrent Workers: 1
 Concurrent Refinement Workers: 2
 Periodic GC: Disabled

Heap:
 garbage-first heap   total 149504K, used 82081K [0x0000000080000000, 0x0000000100000000)
  region size 1024K, 50 young (51200K), 5 survivors (5120K)
 Metaspace       used 55080K, committed 55488K, reserved 1097728K
  class space    used 7313K, committed 7488K, reserved 1048576K

Heap Regions: E=young(eden), S=young(survivor), O=old, HS=humongous(starts), HC=humongous(continues), CS=collection set, F=free, OA=open archive, CA=closed archive, TAMS=top-at-mark-start (previous, next)
|   0|0x0000000080000000, 0x0000000080100000, 0x0000000080100000|100%| O|  |TAMS 0x0000000080100000, 0x0000000080100000| Untracked 
|   1|0x0000000080100000, 0x0000000080200000, 0x0000000080200000|100%| O|  |TAMS 0x0000000080200000, 0x0000000080200000| Untracked 
|   2|0x0000000080200000, 0x0000000080300000, 0x0000000080300000|100%| O|  |TAMS 0x0000000080300000, 0x0000000080300000| Untracked 
|   3|0x0000000080300000, 0x0000000080400000, 0x0000000080400000|100%|HS|  |TAMS 0x0000000080400000, 0x0000000080400000| Complete 
|   4|0x0000000080400000, 0x0000000080500000, 0x0000000080500000|100%|HC|  |TAMS 0x0000000080500000, 0x0000000080500000| Complete 
|   5|0x0000000080500000, 0x0000000080600000, 0x0000000080600000|100%|HC|  |TAMS 0x0000000080600000, 0x0000000080600000| Complete 
|   6|0x0000000080600000, 0x0000000080700000, 0x0000000080700000|100%|HC|  |TAMS 0x0000000080700000, 0x0000000080700000| Complete 
|   7|0x0000000080700000, 0x0000000080800000, 0x0000000080800000|100%| O|  |TAMS 0x0000000080800000, 0x0000000080800000| Untracked 
|   8|0x0000000080800000, 0x0000000080900000, 0x0000000080900000|100%| O|  |TAMS 0x0000000080800000, 0x0000000080900000| Untracked 
|   9|0x0000000080900000, 0x0000000080a00000, 0x0000000080a00000|100%| O|  |TAMS 0x0000000080a00000, 0x0000000080a00000| Untracked 
|  10|0x0000000080a00000, 0x0000000080b00000, 0x0000000080b00000|100%| O|  |TAMS 0x0000000080b00000, 0x0000000080b00000| Untracked 
|  11|0x0000000080b00000, 0x0000000080c00000, 0x0000000080c00000|100%| O|  |TAMS 0x0000000080c00000, 0x0000000080c00000| Untracked 
|  12|0x0000000080c00000, 0x0000000080d00000, 0x0000000080d00000|100%| O|  |TAMS 0x0000000080d00000, 0x0000000080d00000| Untracked 
|  13|0x0000000080d00000, 0x0000000080e00000, 0x0000000080e00000|100%| O|  |TAMS 0x0000000080e00000, 0x0000000080e00000| Untracked 
|  14|0x0000000080e00000, 0x0000000080f00000, 0x0000000080f00000|100%| O|  |TAMS 0x0000000080f00000, 0x0000000080f00000| Untracked 
|  15|0x0000000080f00000, 0x0000000081000000, 0x0000000081000000|100%| O|  |TAMS 0x0000000081000000, 0x0000000081000000| Untracked 
|  16|0x0000000081000000, 0x0000000081100000, 0x0000000081100000|100%| O|  |TAMS 0x0000000081100000, 0x0000000081100000| Untracked 
|  17|0x0000000081100000, 0x0000000081200000, 0x0000000081200000|100%|HS|  |TAMS 0x0000000081100000, 0x0000000081100000| Complete 
|  18|0x0000000081200000, 0x0000000081300000, 0x0000000081300000|100%| O|  |TAMS 0x0000000081300000, 0x0000000081300000| Untracked 
|  19|0x0000000081300000, 0x0000000081400000, 0x0000000081400000|100%| O|  |TAMS 0x00000000813f4e00, 0x0000000081400000| Untracked 
|  20|0x0000000081400000, 0x0000000081500000, 0x0000000081500000|100%| O|  |TAMS 0x0000000081400000, 0x0000000081500000| Untracked 
|  21|0x0000000081500000, 0x0000000081600000, 0x0000000081600000|100%| O|  |TAMS 0x0000000081500000, 0x0000000081600000| Untracked 
|  22|0x0000000081600000, 0x0000000081700000, 0x0000000081700000|100%| O|  |TAMS 0x0000000081600000, 0x0000000081700000| Untracked 
|  23|0x0000000081700000, 0x0000000081800000, 0x0000000081800000|100%| O|  |TAMS 0x0000000081700000, 0x0000000081800000| Untracked 
|  24|0x0000000081800000, 0x0000000081900000, 0x0000000081900000|100%| O|  |TAMS 0x0000000081800000, 0x0000000081900000| Untracked 
|  25|0x0000000081900000, 0x0000000081a00000, 0x0000000081a00000|100%| O|  |TAMS 0x0000000081900000, 0x0000000081a00000| Untracked 
|  26|0x0000000081a00000, 0x0000000081b00000, 0x0000000081b00000|100%| O|  |TAMS 0x0000000081a00000, 0x0000000081b00000| Untracked 
|  27|0x0000000081b00000, 0x0000000081c00000, 0x0000000081c00000|100%| O|  |TAMS 0x0000000081b00000, 0x0000000081b46a00| Untracked 
|  28|0x0000000081c00000, 0x0000000081d00000, 0x0000000081d00000|100%| O|  |TAMS 0x0000000081c00000, 0x0000000081c00000| Untracked 
|  29|0x0000000081d00000, 0x0000000081d7c600, 0x0000000081e00000| 48%| O|  |TAMS 0x0000000081d00000, 0x0000000081d00000| Untracked 
|  30|0x0000000081e00000, 0x0000000081f00000, 0x0000000081f00000|100%|HS|  |TAMS 0x0000000081e00000, 0x0000000081e00000| Complete 
|  31|0x0000000081f00000, 0x0000000082000000, 0x0000000082000000|100%|HS|  |TAMS 0x0000000081f00000, 0x0000000081f00000| Complete 
|  32|0x0000000082000000, 0x0000000082100000, 0x0000000082100000|100%|HS|  |TAMS 0x0000000082000000, 0x0000000082000000| Complete 
|  33|0x0000000082100000, 0x0000000082100000, 0x0000000082200000|  0%| F|  |TAMS 0x0000000082100000, 0x0000000082100000| Untracked 
|  34|0x0000000082200000, 0x0000000082200000, 0x0000000082300000|  0%| F|  |TAMS 0x0000000082200000, 0x0000000082200000| Untracked 
|  35|0x0000000082300000, 0x0000000082300000, 0x0000000082400000|  0%| F|  |TAMS 0x0000000082300000, 0x0000000082300000| Untracked 
|  36|0x0000000082400000, 0x0000000082400000, 0x0000000082500000|  0%| F|  |TAMS 0x0000000082400000, 0x0000000082400000| Untracked 
|  37|0x0000000082500000, 0x0000000082500000, 0x0000000082600000|  0%| F|  |TAMS 0x0000000082500000, 0x0000000082500000| Untracked 
|  38|0x0000000082600000, 0x0000000082600000, 0x0000000082700000|  0%| F|  |TAMS 0x0000000082600000, 0x0000000082600000| Untracked 
|  39|0x0000000082700000, 0x0000000082700000, 0x0000000082800000|  0%| F|  |TAMS 0x0000000082700000, 0x0000000082700000| Untracked 
|  40|0x0000000082800000, 0x0000000082800000, 0x0000000082900000|  0%| F|  |TAMS 0x0000000082800000, 0x0000000082800000| Untracked 
|  41|0x0000000082900000, 0x0000000082900000, 0x0000000082a00000|  0%| F|  |TAMS 0x0000000082900000, 0x0000000082900000| Untracked 
|  42|0x0000000082a00000, 0x0000000082a00000, 0x0000000082b00000|  0%| F|  |TAMS 0x0000000082a00000, 0x0000000082a00000| Untracked 
|  43|0x0000000082b00000, 0x0000000082b00000, 0x0000000082c00000|  0%| F|  |TAMS 0x0000000082b00000, 0x0000000082b00000| Untracked 
|  44|0x0000000082c00000, 0x0000000082c00000, 0x0000000082d00000|  0%| F|  |TAMS 0x0000000082c00000, 0x0000000082c00000| Untracked 
|  45|0x0000000082d00000, 0x0000000082d00000, 0x0000000082e00000|  0%| F|  |TAMS 0x0000000082d00000, 0x0000000082d00000| Untracked 
|  46|0x0000000082e00000, 0x0000000082e00000, 0x0000000082f00000|  0%| F|  |TAMS 0x0000000082e00000, 0x0000000082e00000| Untracked 
|  47|0x0000000082f00000, 0x0000000082f00000, 0x0000000083000000|  0%| F|  |TAMS 0x0000000082f00000, 0x0000000082f00000| Untracked 
|  48|0x0000000083000000, 0x0000000083000000, 0x0000000083100000|  0%| F|  |TAMS 0x0000000083000000, 0x0000000083000000| Untracked 
|  49|0x0000000083100000, 0x0000000083100000, 0x0000000083200000|  0%| F|  |TAMS 0x0000000083100000, 0x0000000083100000| Untracked 
|  50|0x0000000083200000, 0x0000000083200000, 0x0000000083300000|  0%| F|  |TAMS 0x0000000083200000, 0x0000000083200000| Untracked 
|  51|0x0000000083300000, 0x0000000083300000, 0x0000000083400000|  0%| F|  |TAMS 0x0000000083300000, 0x0000000083300000| Untracked 
|  52|0x0000000083400000, 0x0000000083400000, 0x0000000083500000|  0%| F|  |TAMS 0x0000000083400000, 0x0000000083400000| Untracked 
|  53|0x0000000083500000, 0x0000000083500000, 0x0000000083600000|  0%| F|  |TAMS 0x0000000083500000, 0x0000000083500000| Untracked 
|  54|0x0000000083600000, 0x0000000083600000, 0x0000000083700000|  0%| F|  |TAMS 0x0000000083600000, 0x0000000083600000| Untracked 
|  55|0x0000000083700000, 0x0000000083700000, 0x0000000083800000|  0%| F|  |TAMS 0x0000000083700000, 0x0000000083700000| Untracked 
|  56|0x0000000083800000, 0x00000000838ac170, 0x0000000083900000| 67%| S|CS|TAMS 0x0000000083800000, 0x0000000083800000| Complete 
|  57|0x0000000083900000, 0x0000000083a00000, 0x0000000083a00000|100%| S|CS|TAMS 0x0000000083900000, 0x0000000083900000| Complete 
|  58|0x0000000083a00000, 0x0000000083a00000, 0x0000000083b00000|  0%| F|  |TAMS 0x0000000083a00000, 0x0000000083a00000| Untracked 
|  59|0x0000000083b00000, 0x0000000083c00000, 0x0000000083c00000|100%| S|CS|TAMS 0x0000000083b00000, 0x0000000083b00000| Complete 
|  60|0x0000000083c00000, 0x0000000083d00000, 0x0000000083d00000|100%| S|CS|TAMS 0x0000000083c00000, 0x0000000083c00000| Complete 
|  61|0x0000000083d00000, 0x0000000083e00000, 0x0000000083e00000|100%| S|CS|TAMS 0x0000000083d00000, 0x0000000083d00000| Complete 
|  62|0x0000000083e00000, 0x0000000083e00000, 0x0000000083f00000|  0%| F|  |TAMS 0x0000000083e00000, 0x0000000083e00000| Untracked 
|  63|0x0000000083f00000, 0x0000000083f00000, 0x0000000084000000|  0%| F|  |TAMS 0x0000000083f00000, 0x0000000083f00000| Untracked 
|  64|0x0000000084000000, 0x0000000084000000, 0x0000000084100000|  0%| F|  |TAMS 0x0000000084000000, 0x0000000084000000| Untracked 
|  65|0x0000000084100000, 0x0000000084100000, 0x0000000084200000|  0%| F|  |TAMS 0x0000000084100000, 0x0000000084100000| Untracked 
|  66|0x0000000084200000, 0x0000000084200000, 0x0000000084300000|  0%| F|  |TAMS 0x0000000084200000, 0x0000000084200000| Untracked 
|  67|0x0000000084300000, 0x0000000084300000, 0x0000000084400000|  0%| F|  |TAMS 0x0000000084300000, 0x0000000084300000| Untracked 
|  68|0x0000000084400000, 0x0000000084400000, 0x0000000084500000|  0%| F|  |TAMS 0x0000000084400000, 0x0000000084400000| Untracked 
|  69|0x0000000084500000, 0x0000000084500000, 0x0000000084600000|  0%| F|  |TAMS 0x0000000084500000, 0x0000000084500000| Untracked 
|  70|0x0000000084600000, 0x0000000084600000, 0x0000000084700000|  0%| F|  |TAMS 0x0000000084600000, 0x0000000084600000| Untracked 
|  71|0x0000000084700000, 0x0000000084700000, 0x0000000084800000|  0%| F|  |TAMS 0x0000000084700000, 0x0000000084700000| Untracked 
|  72|0x0000000084800000, 0x0000000084800000, 0x0000000084900000|  0%| F|  |TAMS 0x0000000084800000, 0x0000000084800000| Untracked 
|  73|0x0000000084900000, 0x0000000084900000, 0x0000000084a00000|  0%| F|  |TAMS 0x0000000084900000, 0x0000000084900000| Untracked 
|  74|0x0000000084a00000, 0x0000000084a00000, 0x0000000084b00000|  0%| F|  |TAMS 0x0000000084a00000, 0x0000000084a00000| Untracked 
|  75|0x0000000084b00000, 0x0000000084b00000, 0x0000000084c00000|  0%| F|  |TAMS 0x0000000084b00000, 0x0000000084b00000| Untracked 
|  76|0x0000000084c00000, 0x0000000084c00000, 0x0000000084d00000|  0%| F|  |TAMS 0x0000000084c00000, 0x0000000084c00000| Untracked 
|  77|0x0000000084d00000, 0x0000000084d00000, 0x0000000084e00000|  0%| F|  |TAMS 0x0000000084d00000, 0x0000000084d00000| Untracked 
|  78|0x0000000084e00000, 0x0000000084e00000, 0x0000000084f00000|  0%| F|  |TAMS 0x0000000084e00000, 0x0000000084e00000| Untracked 
|  79|0x0000000084f00000, 0x0000000084f00000, 0x0000000085000000|  0%| F|  |TAMS 0x0000000084f00000, 0x0000000084f00000| Untracked 
|  80|0x0000000085000000, 0x0000000085000000, 0x0000000085100000|  0%| F|  |TAMS 0x0000000085000000, 0x0000000085000000| Untracked 
|  81|0x0000000085100000, 0x0000000085100000, 0x0000000085200000|  0%| F|  |TAMS 0x0000000085100000, 0x0000000085100000| Untracked 
|  82|0x0000000085200000, 0x0000000085200000, 0x0000000085300000|  0%| F|  |TAMS 0x0000000085200000, 0x0000000085200000| Untracked 
|  83|0x0000000085300000, 0x0000000085300000, 0x0000000085400000|  0%| F|  |TAMS 0x0000000085300000, 0x0000000085300000| Untracked 
|  84|0x0000000085400000, 0x0000000085400000, 0x0000000085500000|  0%| F|  |TAMS 0x0000000085400000, 0x0000000085400000| Untracked 
|  85|0x0000000085500000, 0x0000000085500000, 0x0000000085600000|  0%| F|  |TAMS 0x0000000085500000, 0x0000000085500000| Untracked 
|  86|0x0000000085600000, 0x0000000085600000, 0x0000000085700000|  0%| F|  |TAMS 0x0000000085600000, 0x0000000085600000| Untracked 
|  87|0x0000000085700000, 0x0000000085700000, 0x0000000085800000|  0%| F|  |TAMS 0x0000000085700000, 0x0000000085700000| Untracked 
|  88|0x0000000085800000, 0x0000000085800000, 0x0000000085900000|  0%| F|  |TAMS 0x0000000085800000, 0x0000000085800000| Untracked 
|  89|0x0000000085900000, 0x0000000085900000, 0x0000000085a00000|  0%| F|  |TAMS 0x0000000085900000, 0x0000000085900000| Untracked 
|  90|0x0000000085a00000, 0x0000000085a00000, 0x0000000085b00000|  0%| F|  |TAMS 0x0000000085a00000, 0x0000000085a00000| Untracked 
|  91|0x0000000085b00000, 0x0000000085b00000, 0x0000000085c00000|  0%| F|  |TAMS 0x0000000085b00000, 0x0000000085b00000| Untracked 
|  92|0x0000000085c00000, 0x0000000085c00000, 0x0000000085d00000|  0%| F|  |TAMS 0x0000000085c00000, 0x0000000085c00000| Untracked 
|  93|0x0000000085d00000, 0x0000000085d00000, 0x0000000085e00000|  0%| F|  |TAMS 0x0000000085d00000, 0x0000000085d00000| Untracked 
|  94|0x0000000085e00000, 0x0000000085e00000, 0x0000000085f00000|  0%| F|  |TAMS 0x0000000085e00000, 0x0000000085e00000| Untracked 
|  95|0x0000000085f00000, 0x0000000085f00000, 0x0000000086000000|  0%| F|  |TAMS 0x0000000085f00000, 0x0000000085f00000| Untracked 
|  96|0x0000000086000000, 0x0000000086000000, 0x0000000086100000|  0%| F|  |TAMS 0x0000000086000000, 0x0000000086000000| Untracked 
|  97|0x0000000086100000, 0x0000000086100000, 0x0000000086200000|  0%| F|  |TAMS 0x0000000086100000, 0x0000000086100000| Untracked 
|  98|0x0000000086200000, 0x0000000086200000, 0x0000000086300000|  0%| F|  |TAMS 0x0000000086200000, 0x0000000086200000| Untracked 
|  99|0x0000000086300000, 0x0000000086300000, 0x0000000086400000|  0%| F|  |TAMS 0x0000000086300000, 0x0000000086300000| Untracked 
| 100|0x0000000086400000, 0x0000000086400000, 0x0000000086500000|  0%| F|  |TAMS 0x0000000086400000, 0x0000000086400000| Untracked 
| 101|0x0000000086500000, 0x0000000086600000, 0x0000000086600000|100%| E|  |TAMS 0x0000000086500000, 0x0000000086500000| Complete 
| 102|0x0000000086600000, 0x0000000086700000, 0x0000000086700000|100%| E|CS|TAMS 0x0000000086600000, 0x0000000086600000| Complete 
| 103|0x0000000086700000, 0x0000000086800000, 0x0000000086800000|100%| E|CS|TAMS 0x0000000086700000, 0x0000000086700000| Complete 
| 104|0x0000000086800000, 0x0000000086900000, 0x0000000086900000|100%| E|CS|TAMS 0x0000000086800000, 0x0000000086800000| Complete 
| 105|0x0000000086900000, 0x0000000086a00000, 0x0000000086a00000|100%| E|CS|TAMS 0x0000000086900000, 0x0000000086900000| Complete 
| 106|0x0000000086a00000, 0x0000000086b00000, 0x0000000086b00000|100%| E|CS|TAMS 0x0000000086a00000, 0x0000000086a00000| Complete 
| 107|0x0000000086b00000, 0x0000000086c00000, 0x0000000086c00000|100%| E|CS|TAMS 0x0000000086b00000, 0x0000000086b00000| Complete 
| 108|0x0000000086c00000, 0x0000000086d00000, 0x0000000086d00000|100%| E|CS|TAMS 0x0000000086c00000, 0x0000000086c00000| Complete 
| 109|0x0000000086d00000, 0x0000000086e00000, 0x0000000086e00000|100%| E|CS|TAMS 0x0000000086d00000, 0x0000000086d00000| Complete 
| 110|0x0000000086e00000, 0x0000000086f00000, 0x0000000086f00000|100%| E|CS|TAMS 0x0000000086e00000, 0x0000000086e00000| Complete 
| 111|0x0000000086f00000, 0x0000000087000000, 0x0000000087000000|100%| E|CS|TAMS 0x0000000086f00000, 0x0000000086f00000| Complete 
| 112|0x0000000087000000, 0x0000000087100000, 0x0000000087100000|100%| E|CS|TAMS 0x0000000087000000, 0x0000000087000000| Complete 
| 113|0x0000000087100000, 0x0000000087200000, 0x0000000087200000|100%| E|CS|TAMS 0x0000000087100000, 0x0000000087100000| Complete 
| 114|0x0000000087200000, 0x0000000087300000, 0x0000000087300000|100%| E|  |TAMS 0x0000000087200000, 0x0000000087200000| Complete 
| 115|0x0000000087300000, 0x0000000087400000, 0x0000000087400000|100%| E|CS|TAMS 0x0000000087300000, 0x0000000087300000| Complete 
| 116|0x0000000087400000, 0x0000000087500000, 0x0000000087500000|100%| E|CS|TAMS 0x0000000087400000, 0x0000000087400000| Complete 
| 117|0x0000000087500000, 0x0000000087600000, 0x0000000087600000|100%| E|CS|TAMS 0x0000000087500000, 0x0000000087500000| Complete 
| 118|0x0000000087600000, 0x0000000087700000, 0x0000000087700000|100%| E|CS|TAMS 0x0000000087600000, 0x0000000087600000| Complete 
| 119|0x0000000087700000, 0x0000000087800000, 0x0000000087800000|100%| E|CS|TAMS 0x0000000087700000, 0x0000000087700000| Complete 
| 120|0x0000000087800000, 0x0000000087900000, 0x0000000087900000|100%| E|CS|TAMS 0x0000000087800000, 0x0000000087800000| Complete 
| 121|0x0000000087900000, 0x0000000087a00000, 0x0000000087a00000|100%| E|CS|TAMS 0x0000000087900000, 0x0000000087900000| Complete 
| 122|0x0000000087a00000, 0x0000000087b00000, 0x0000000087b00000|100%| E|CS|TAMS 0x0000000087a00000, 0x0000000087a00000| Complete 
| 123|0x0000000087b00000, 0x0000000087c00000, 0x0000000087c00000|100%| E|CS|TAMS 0x0000000087b00000, 0x0000000087b00000| Complete 
| 124|0x0000000087c00000, 0x0000000087d00000, 0x0000000087d00000|100%| E|CS|TAMS 0x0000000087c00000, 0x0000000087c00000| Complete 
| 125|0x0000000087d00000, 0x0000000087e00000, 0x0000000087e00000|100%| E|CS|TAMS 0x0000000087d00000, 0x0000000087d00000| Complete 
| 126|0x0000000087e00000, 0x0000000087f00000, 0x0000000087f00000|100%| E|CS|TAMS 0x0000000087e00000, 0x0000000087e00000| Complete 
| 127|0x0000000087f00000, 0x0000000088000000, 0x0000000088000000|100%| E|CS|TAMS 0x0000000087f00000, 0x0000000087f00000| Complete 
| 128|0x0000000088000000, 0x0000000088100000, 0x0000000088100000|100%| E|CS|TAMS 0x0000000088000000, 0x0000000088000000| Complete 
| 129|0x0000000088100000, 0x0000000088200000, 0x0000000088200000|100%| E|CS|TAMS 0x0000000088100000, 0x0000000088100000| Complete 
| 130|0x0000000088200000, 0x0000000088300000, 0x0000000088300000|100%| E|CS|TAMS 0x0000000088200000, 0x0000000088200000| Complete 
| 131|0x0000000088300000, 0x0000000088400000, 0x0000000088400000|100%| E|CS|TAMS 0x0000000088300000, 0x0000000088300000| Complete 
| 132|0x0000000088400000, 0x0000000088500000, 0x0000000088500000|100%| E|CS|TAMS 0x0000000088400000, 0x0000000088400000| Complete 
| 133|0x0000000088500000, 0x0000000088600000, 0x0000000088600000|100%| E|CS|TAMS 0x0000000088500000, 0x0000000088500000| Complete 
| 134|0x0000000088600000, 0x0000000088700000, 0x0000000088700000|100%| E|CS|TAMS 0x0000000088600000, 0x0000000088600000| Complete 
| 135|0x0000000088700000, 0x0000000088800000, 0x0000000088800000|100%| E|CS|TAMS 0x0000000088700000, 0x0000000088700000| Complete 
| 136|0x0000000088800000, 0x0000000088900000, 0x0000000088900000|100%| E|CS|TAMS 0x0000000088800000, 0x0000000088800000| Complete 
| 137|0x0000000088900000, 0x0000000088a00000, 0x0000000088a00000|100%| E|CS|TAMS 0x0000000088900000, 0x0000000088900000| Complete 
| 138|0x0000000088a00000, 0x0000000088b00000, 0x0000000088b00000|100%| E|CS|TAMS 0x0000000088a00000, 0x0000000088a00000| Complete 
| 139|0x0000000088b00000, 0x0000000088c00000, 0x0000000088c00000|100%| E|CS|TAMS 0x0000000088b00000, 0x0000000088b00000| Complete 
| 140|0x0000000088c00000, 0x0000000088d00000, 0x0000000088d00000|100%| E|CS|TAMS 0x0000000088c00000, 0x0000000088c00000| Complete 
| 141|0x0000000088d00000, 0x0000000088e00000, 0x0000000088e00000|100%| E|CS|TAMS 0x0000000088d00000, 0x0000000088d00000| Complete 
| 142|0x0000000088e00000, 0x0000000088f00000, 0x0000000088f00000|100%| E|CS|TAMS 0x0000000088e00000, 0x0000000088e00000| Complete 
| 143|0x0000000088f00000, 0x0000000089000000, 0x0000000089000000|100%| E|CS|TAMS 0x0000000088f00000, 0x0000000088f00000| Complete 
| 144|0x0000000089000000, 0x0000000089100000, 0x0000000089100000|100%| E|CS|TAMS 0x0000000089000000, 0x0000000089000000| Complete 
| 145|0x0000000089100000, 0x0000000089200000, 0x0000000089200000|100%| E|CS|TAMS 0x0000000089100000, 0x0000000089100000| Complete 

Card table byte_map: [0x0000000015310000,0x0000000015710000] _byte_map_base: 0x0000000014f10000

Marking Bits (Prev, Next): (CMBitMap*) 0x0000000002aa9360, (CMBitMap*) 0x0000000002aa93a0
 Prev Bits: [0x0000000015b10000, 0x0000000017b10000)
 Next Bits: [0x0000000017b10000, 0x0000000019b10000)

Polling page: 0x0000000002210000

Metaspace:

Usage:
  Non-class:     46.66 MB used.
      Class:      7.15 MB used.
       Both:     53.81 MB used.

Virtual space:
  Non-class space:       48.00 MB reserved,      46.94 MB ( 98%) committed,  6 nodes.
      Class space:        1.00 GB reserved,       7.38 MB ( <1%) committed,  1 nodes.
             Both:        1.05 GB reserved,      54.31 MB (  5%) committed. 

Chunk freelists:
   Non-Class:  1.12 MB
       Class:  620.00 KB
        Both:  1.72 MB

MaxMetaspaceSize: unlimited
CompressedClassSpaceSize: 1.00 GB
Initial GC threshold: 21.00 MB
Current GC threshold: 58.75 MB
CDS: off
MetaspaceReclaimPolicy: balanced
 - commit_granule_bytes: 65536.
 - commit_granule_words: 8192.
 - virtual_space_node_default_size: 1048576.
 - enlarge_chunks_in_place: 1.
 - new_chunks_are_fully_committed: 0.
 - uncommit_free_chunks: 1.
 - use_allocation_guard: 0.
 - handle_deallocations: 1.


Internal statistics:

num_allocs_failed_limit: 6.
num_arena_births: 588.
num_arena_deaths: 0.
num_vsnodes_births: 7.
num_vsnodes_deaths: 0.
num_space_committed: 869.
num_space_uncommitted: 0.
num_chunks_returned_to_freelist: 6.
num_chunks_taken_from_freelist: 2346.
num_chunk_merges: 6.
num_chunk_splits: 1584.
num_chunks_enlarged: 1110.
num_purges: 0.
num_inconsistent_stats: 0.

CodeHeap 'non-profiled nmethods': size=120064Kb used=3128Kb max_used=3128Kb free=116935Kb
 bounds [0x000000000d9d0000, 0x000000000dce0000, 0x0000000014f10000]
CodeHeap 'profiled nmethods': size=120000Kb used=11676Kb max_used=11676Kb free=108323Kb
 bounds [0x0000000005f10000, 0x0000000006a80000, 0x000000000d440000]
CodeHeap 'non-nmethods': size=5696Kb used=2312Kb max_used=2364Kb free=3384Kb
 bounds [0x000000000d440000, 0x000000000d6b0000, 0x000000000d9d0000]
 total_blobs=6647 nmethods=5813 adapters=747
 compilation: enabled
              stopped_count=0, restarted_count=0
 full_count=0

Compilation events (20 events):
Event: 41.418 Thread 0x000000001ce14c70 5800       3       com.google.common.collect.MapMakerInternalMap$1::clear (1 bytes)
Event: 41.418 Thread 0x000000001ce14c70 nmethod 5800 0x0000000006a64a10 code [0x0000000006a64ba0, 0x0000000006a64cb8]
Event: 41.420 Thread 0x000000001ce14c70 5801   !   3       org.gradle.internal.classloader.FilteringClassLoader::loadClass (62 bytes)
Event: 41.421 Thread 0x000000001ce14c70 nmethod 5801 0x0000000006a64d90 code [0x0000000006a65040, 0x0000000006a65c68]
Event: 41.458 Thread 0x000000001ce14c70 5802       1       sun.reflect.generics.tree.FormalTypeParameter::getName (5 bytes)
Event: 41.458 Thread 0x000000001ce14c70 nmethod 5802 0x000000000dcdce90 code [0x000000000dcdd020, 0x000000000dcdd0f8]
Event: 41.458 Thread 0x000000001ce14c70 5803       1       sun.reflect.generics.tree.FormalTypeParameter::getBounds (5 bytes)
Event: 41.458 Thread 0x000000001ce14c70 nmethod 5803 0x000000000dcdd190 code [0x000000000dcdd320, 0x000000000dcdd3f8]
Event: 41.458 Thread 0x000000001ce14c70 5804       1       sun.reflect.generics.factory.CoreReflectionFactory::getDecl (5 bytes)
Event: 41.458 Thread 0x000000001ce14c70 nmethod 5804 0x000000000dcdd490 code [0x000000000dcdd620, 0x000000000dcdd6f8]
Event: 41.461 Thread 0x000000001ce14c70 5805       3       jdk.internal.org.objectweb.asm.SymbolTable::addMergedType (164 bytes)
Event: 41.462 Thread 0x000000001ce14c70 nmethod 5805 0x0000000006a66110 code [0x0000000006a66320, 0x0000000006a66998]
Event: 41.466 Thread 0x000000001ce14c70 5806   !   3       com.google.common.collect.MapMakerInternalMap$Segment::put (298 bytes)
Event: 41.471 Thread 0x000000001ce14c70 nmethod 5806 0x0000000006a66d90 code [0x0000000006a67460, 0x0000000006a6b4a8]
Event: 41.482 Thread 0x000000001ce14c70 5807       3       com.google.common.collect.MapMakerInternalMap$WeakValueReferenceImpl::<init> (12 bytes)
Event: 41.482 Thread 0x000000001ce14c70 nmethod 5807 0x0000000006a6d190 code [0x0000000006a6d340, 0x0000000006a6d6d8]
Event: 41.508 Thread 0x000000001ce14c70 5808   !   3       com.google.common.collect.MapMakerInternalMap$Segment::get (58 bytes)
Event: 41.509 Thread 0x000000001ce14c70 nmethod 5808 0x0000000006a6d810 code [0x0000000006a6db00, 0x0000000006a6f038]
Event: 41.511 Thread 0x000000001ce14c70 5809       3       java.lang.ClassLoader::findClass (9 bytes)
Event: 41.512 Thread 0x000000001ce14c70 nmethod 5809 0x0000000006a6f790 code [0x0000000006a6f920, 0x0000000006a6faa8]

GC Heap History (20 events):
Event: 18.111 GC heap before
{Heap before GC invocations=8 (full 0):
 garbage-first heap   total 61440K, used 40910K [0x0000000080000000, 0x0000000100000000)
  region size 1024K, 23 young (23552K), 1 survivors (1024K)
 Metaspace       used 24985K, committed 25280K, reserved 1073152K
  class space    used 3218K, committed 3328K, reserved 1048576K
}
Event: 18.118 GC heap after
{Heap after GC invocations=9 (full 0):
 garbage-first heap   total 61440K, used 19605K [0x0000000080000000, 0x0000000100000000)
  region size 1024K, 2 young (2048K), 2 survivors (2048K)
 Metaspace       used 24985K, committed 25280K, reserved 1073152K
  class space    used 3218K, committed 3328K, reserved 1048576K
}
Event: 18.188 GC heap before
{Heap before GC invocations=9 (full 0):
 garbage-first heap   total 61440K, used 20629K [0x0000000080000000, 0x0000000100000000)
  region size 1024K, 3 young (3072K), 2 survivors (2048K)
 Metaspace       used 25088K, committed 25408K, reserved 1073152K
  class space    used 3236K, committed 3392K, reserved 1048576K
}
Event: 18.196 GC heap after
{Heap after GC invocations=10 (full 0):
 garbage-first heap   total 61440K, used 19645K [0x0000000080000000, 0x0000000100000000)
  region size 1024K, 1 young (1024K), 1 survivors (1024K)
 Metaspace       used 25088K, committed 25408K, reserved 1073152K
  class space    used 3236K, committed 3392K, reserved 1048576K
}
Event: 20.075 GC heap before
{Heap before GC invocations=10 (full 0):
 garbage-first heap   total 61440K, used 44221K [0x0000000080000000, 0x0000000100000000)
  region size 1024K, 25 young (25600K), 1 survivors (1024K)
 Metaspace       used 28989K, committed 29312K, reserved 1081344K
  class space    used 3876K, committed 4032K, reserved 1048576K
}
Event: 20.083 GC heap after
{Heap after GC invocations=11 (full 0):
 garbage-first heap   total 61440K, used 21157K [0x0000000080000000, 0x0000000100000000)
  region size 1024K, 2 young (2048K), 2 survivors (2048K)
 Metaspace       used 28989K, committed 29312K, reserved 1081344K
  class space    used 3876K, committed 4032K, reserved 1048576K
}
Event: 21.216 GC heap before
{Heap before GC invocations=11 (full 0):
 garbage-first heap   total 61440K, used 44709K [0x0000000080000000, 0x0000000100000000)
  region size 1024K, 26 young (26624K), 2 survivors (2048K)
 Metaspace       used 32306K, committed 32640K, reserved 1081344K
  class space    used 4432K, committed 4544K, reserved 1048576K
}
Event: 21.226 GC heap after
{Heap after GC invocations=12 (full 0):
 garbage-first heap   total 61440K, used 22237K [0x0000000080000000, 0x0000000100000000)
  region size 1024K, 3 young (3072K), 3 survivors (3072K)
 Metaspace       used 32306K, committed 32640K, reserved 1081344K
  class space    used 4432K, committed 4544K, reserved 1048576K
}
Event: 22.511 GC heap before
{Heap before GC invocations=12 (full 0):
 garbage-first heap   total 61440K, used 36573K [0x0000000080000000, 0x0000000100000000)
  region size 1024K, 19 young (19456K), 3 survivors (3072K)
 Metaspace       used 35656K, committed 35968K, reserved 1081344K
  class space    used 4874K, committed 5056K, reserved 1048576K
}
Event: 22.524 GC heap after
{Heap after GC invocations=13 (full 0):
 garbage-first heap   total 61440K, used 24201K [0x0000000080000000, 0x0000000100000000)
  region size 1024K, 3 young (3072K), 3 survivors (3072K)
 Metaspace       used 35656K, committed 35968K, reserved 1081344K
  class space    used 4874K, committed 5056K, reserved 1048576K
}
Event: 23.992 GC heap before
{Heap before GC invocations=14 (full 0):
 garbage-first heap   total 61440K, used 45705K [0x0000000080000000, 0x0000000100000000)
  region size 1024K, 25 young (25600K), 3 survivors (3072K)
 Metaspace       used 40536K, committed 40832K, reserved 1089536K
  class space    used 5360K, committed 5504K, reserved 1048576K
}
Event: 24.007 GC heap after
{Heap after GC invocations=15 (full 0):
 garbage-first heap   total 61440K, used 27096K [0x0000000080000000, 0x0000000100000000)
  region size 1024K, 4 young (4096K), 4 survivors (4096K)
 Metaspace       used 40536K, committed 40832K, reserved 1089536K
  class space    used 5360K, committed 5504K, reserved 1048576K
}
Event: 24.015 GC heap before
{Heap before GC invocations=15 (full 0):
 garbage-first heap   total 61440K, used 28120K [0x0000000080000000, 0x0000000100000000)
  region size 1024K, 5 young (5120K), 4 survivors (4096K)
 Metaspace       used 40536K, committed 40832K, reserved 1089536K
  class space    used 5360K, committed 5504K, reserved 1048576K
}
Event: 24.030 GC heap after
{Heap after GC invocations=16 (full 0):
 garbage-first heap   total 61440K, used 27649K [0x0000000080000000, 0x0000000100000000)
  region size 1024K, 1 young (1024K), 1 survivors (1024K)
 Metaspace       used 40536K, committed 40832K, reserved 1089536K
  class space    used 5360K, committed 5504K, reserved 1048576K
}
Event: 24.825 GC heap before
{Heap before GC invocations=16 (full 0):
 garbage-first heap   total 61440K, used 43009K [0x0000000080000000, 0x0000000100000000)
  region size 1024K, 17 young (17408K), 1 survivors (1024K)
 Metaspace       used 41232K, committed 41536K, reserved 1089536K
  class space    used 5444K, committed 5568K, reserved 1048576K
}
Event: 24.836 GC heap after
{Heap after GC invocations=17 (full 0):
 garbage-first heap   total 61440K, used 29722K [0x0000000080000000, 0x0000000100000000)
  region size 1024K, 3 young (3072K), 3 survivors (3072K)
 Metaspace       used 41232K, committed 41536K, reserved 1089536K
  class space    used 5444K, committed 5568K, reserved 1048576K
}
Event: 24.840 GC heap before
{Heap before GC invocations=17 (full 0):
 garbage-first heap   total 61440K, used 30746K [0x0000000080000000, 0x0000000100000000)
  region size 1024K, 4 young (4096K), 3 survivors (3072K)
 Metaspace       used 41232K, committed 41536K, reserved 1089536K
  class space    used 5444K, committed 5568K, reserved 1048576K
}
Event: 24.850 GC heap after
{Heap after GC invocations=18 (full 0):
 garbage-first heap   total 149504K, used 30377K [0x0000000080000000, 0x0000000100000000)
  region size 1024K, 1 young (1024K), 1 survivors (1024K)
 Metaspace       used 41232K, committed 41536K, reserved 1089536K
  class space    used 5444K, committed 5568K, reserved 1048576K
}
Event: 34.514 GC heap before
{Heap before GC invocations=18 (full 0):
 garbage-first heap   total 149504K, used 119465K [0x0000000080000000, 0x0000000100000000)
  region size 1024K, 85 young (87040K), 1 survivors (1024K)
 Metaspace       used 52429K, committed 52928K, reserved 1097728K
  class space    used 7024K, committed 7232K, reserved 1048576K
}
Event: 34.549 GC heap after
{Heap after GC invocations=19 (full 0):
 garbage-first heap   total 149504K, used 33953K [0x0000000080000000, 0x0000000100000000)
  region size 1024K, 5 young (5120K), 5 survivors (5120K)
 Metaspace       used 52429K, committed 52928K, reserved 1097728K
  class space    used 7024K, committed 7232K, reserved 1048576K
}

Dll operation events (2 events):
Event: 0.046 Loaded shared library C:\Program Files\Android\Android Studio\jbr\bin\java.dll
Event: 2.361 Loaded shared library C:\Program Files\Android\Android Studio\jbr\bin\verify.dll

Deoptimization events (20 events):
Event: 38.100 Thread 0x00000000203f9620 DEOPT PACKING pc=0x000000000db09480 sp=0x00000000220f9ca0
Event: 38.100 Thread 0x00000000203f9620 DEOPT UNPACKING pc=0x000000000d49699d sp=0x00000000220f9c48 mode 2
Event: 38.967 Thread 0x00000000203f9620 Uncommon trap: trap_request=0xffffff45 fr.pc=0x000000000da2a880 relative=0x0000000000000640
Event: 38.967 Thread 0x00000000203f9620 Uncommon trap: reason=unstable_if action=reinterpret pc=0x000000000da2a880 method=java.util.jar.Manifest$FastInputStream.readLine([BII)I @ 130 c2
Event: 38.967 Thread 0x00000000203f9620 DEOPT PACKING pc=0x000000000da2a880 sp=0x00000000220f8980
Event: 38.967 Thread 0x00000000203f9620 DEOPT UNPACKING pc=0x000000000d49699d sp=0x00000000220f8910 mode 2
Event: 39.706 Thread 0x00000000203f9620 DEOPT PACKING pc=0x0000000005fdbfbd sp=0x00000000220f6b50
Event: 39.706 Thread 0x00000000203f9620 DEOPT UNPACKING pc=0x000000000d497124 sp=0x00000000220f5fd8 mode 0
Event: 40.857 Thread 0x00000000203f9620 DEOPT PACKING pc=0x0000000006a473e9 sp=0x00000000220f6b10
Event: 40.857 Thread 0x00000000203f9620 DEOPT UNPACKING pc=0x000000000d497124 sp=0x00000000220f6090 mode 0
Event: 41.226 Thread 0x00000000203f9620 Uncommon trap: trap_request=0xffffffde fr.pc=0x000000000dc505b4 relative=0x0000000000002834
Event: 41.226 Thread 0x00000000203f9620 Uncommon trap: reason=class_check action=maybe_recompile pc=0x000000000dc505b4 method=java.util.jar.JarFile.getManifestFromReference()Ljava/util/jar/Manifest; @ 152 c2
Event: 41.226 Thread 0x00000000203f9620 DEOPT PACKING pc=0x000000000dc505b4 sp=0x00000000220f6930
Event: 41.226 Thread 0x00000000203f9620 DEOPT UNPACKING pc=0x000000000d49699d sp=0x00000000220f68a0 mode 2
Event: 41.300 Thread 0x00000000203f9620 DEOPT PACKING pc=0x000000000655cc59 sp=0x00000000220f8060
Event: 41.300 Thread 0x00000000203f9620 DEOPT UNPACKING pc=0x000000000d497124 sp=0x00000000220f7550 mode 0
Event: 41.376 Thread 0x00000000203f9620 Uncommon trap: trap_request=0xffffffde fr.pc=0x000000000dc505b4 relative=0x0000000000002834
Event: 41.376 Thread 0x00000000203f9620 Uncommon trap: reason=class_check action=maybe_recompile pc=0x000000000dc505b4 method=java.util.jar.JarFile.getManifestFromReference()Ljava/util/jar/Manifest; @ 152 c2
Event: 41.376 Thread 0x00000000203f9620 DEOPT PACKING pc=0x000000000dc505b4 sp=0x00000000220f68e0
Event: 41.376 Thread 0x00000000203f9620 DEOPT UNPACKING pc=0x000000000d49699d sp=0x00000000220f6850 mode 2

Classes unloaded (0 events):
No events

Classes redefined (0 events):
No events

Internal exceptions (20 events):
Event: 29.145 Thread 0x00000000203f82e0 Exception <a 'java/lang/NoSuchMethodError'{0x0000000085f1fd40}: static Lorg/gradle/internal/build/event/types/DefaultProjectConfigurationDescriptor;.<clinit>()V> (0x0000000085f1fd40) 
thrown [s\src\hotspot\share\prims\jni.cpp, line 1108]
Event: 29.145 Thread 0x00000000203f82e0 Exception <a 'java/lang/NoSuchMethodError'{0x0000000085f22068}: static Lorg/gradle/internal/build/event/types/DefaultOperationDescriptor;.<clinit>()V> (0x0000000085f22068) 
thrown [s\src\hotspot\share\prims\jni.cpp, line 1108]
Event: 29.149 Thread 0x00000000203f82e0 Exception <a 'java/lang/NoSuchMethodError'{0x0000000085f371a8}: static Lorg/gradle/internal/operations/OperationIdentifier;.<clinit>()V> (0x0000000085f371a8) 
thrown [s\src\hotspot\share\prims\jni.cpp, line 1108]
Event: 32.493 Thread 0x00000000203f9620 Exception <a 'java/lang/NoSuchMethodError'{0x0000000084305be8}: 'int java.lang.invoke.DirectMethodHandle$Holder.invokeStatic(java.lang.Object)'> (0x0000000084305be8) 
thrown [s\src\hotspot\share\interpreter\linkResolver.cpp, line 771]
Event: 32.493 Thread 0x00000000203f9620 Exception <a 'java/lang/NoSuchMethodError'{0x000000008430a280}: 'int java.lang.invoke.DirectMethodHandle$Holder.invokeStaticInit(java.lang.Object)'> (0x000000008430a280) 
thrown [s\src\hotspot\share\interpreter\linkResolver.cpp, line 771]
Event: 32.585 Thread 0x00000000203f9620 Exception <a 'java/lang/NoSuchMethodError'{0x000000008437e770}: 'java.lang.Object java.lang.invoke.DirectMethodHandle$Holder.newInvokeSpecial(java.lang.Object, java.lang.Object, java.lang.Object, java.lang.Object, java.lang.Object, int)'> (0x000000008437e770) 
thrown [s\src\hotspot\share\interpreter\linkResolver.cpp, line 771]
Event: 32.586 Thread 0x00000000203f9620 Exception <a 'java/lang/NoSuchMethodError'{0x0000000084384068}: 'java.lang.Object java.lang.invoke.DirectMethodHandle$Holder.invokeSpecial(java.lang.Object, java.lang.Object, java.lang.Object, java.lang.Object, java.lang.Object, java.lang.Object, int)'> (0x0000000084384068) 
thrown [s\src\hotspot\share\interpreter\linkResolver.cpp, line 771]
Event: 32.887 Thread 0x00000000203f9620 Exception <a 'java/lang/NoSuchMethodError'{0x0000000084255110}: 'void java.lang.invoke.DirectMethodHandle$Holder.invokeStatic(java.lang.Object, java.lang.Object, java.lang.Object, int, java.lang.Object)'> (0x0000000084255110) 
thrown [s\src\hotspot\share\interpreter\linkResolver.cpp, line 771]
Event: 37.501 Thread 0x00000000203f9620 Exception <a 'java/lang/NoSuchMethodError'{0x0000000087d271d0}: 'long java.lang.invoke.DirectMethodHandle$Holder.invokeVirtual(java.lang.Object, java.lang.Object)'> (0x0000000087d271d0) 
thrown [s\src\hotspot\share\interpreter\linkResolver.cpp, line 771]
Event: 37.625 Thread 0x00000000203f82e0 Exception <a 'java/lang/NoSuchMethodError'{0x0000000087d86380}: static Lorg/gradle/internal/build/event/types/DefaultOperationFinishedProgressEvent;.<clinit>()V> (0x0000000087d86380) 
thrown [s\src\hotspot\share\prims\jni.cpp, line 1108]
Event: 37.651 Thread 0x00000000203f82e0 Exception <a 'java/lang/NoSuchMethodError'{0x0000000087da8cd8}: static Lorg/gradle/internal/build/event/types/DefaultProjectConfigurationSuccessResult;.<clinit>()V> (0x0000000087da8cd8) 
thrown [s\src\hotspot\share\prims\jni.cpp, line 1108]
Event: 37.652 Thread 0x00000000203f82e0 Exception <a 'java/lang/NoSuchMethodError'{0x0000000087da9d90}: static Lorg/gradle/internal/build/event/types/AbstractProjectConfigurationResult;.<clinit>()V> (0x0000000087da9d90) 
thrown [s\src\hotspot\share\prims\jni.cpp, line 1108]
Event: 37.652 Thread 0x00000000203f82e0 Exception <a 'java/lang/NoSuchMethodError'{0x0000000087dab040}: static Lorg/gradle/internal/build/event/types/AbstractOperationResult;.<clinit>()V> (0x0000000087dab040) 
thrown [s\src\hotspot\share\prims\jni.cpp, line 1108]
Event: 37.652 Thread 0x00000000203f82e0 Exception <a 'java/lang/NoSuchMethodError'{0x0000000087dac248}: static Lorg/gradle/internal/build/event/types/AbstractResult;.<clinit>()V> (0x0000000087dac248) 
thrown [s\src\hotspot\share\prims\jni.cpp, line 1108]
Event: 37.668 Thread 0x00000000203f82e0 Exception <a 'java/lang/NoSuchMethodError'{0x0000000087dc02f8}: static Lorg/gradle/internal/build/event/types/DefaultPluginApplicationResult;.<clinit>()V> (0x0000000087dc02f8) 
thrown [s\src\hotspot\share\prims\jni.cpp, line 1108]
Event: 37.672 Thread 0x00000000203f82e0 Exception <a 'java/lang/NoSuchMethodError'{0x0000000087dcaa60}: static Lorg/gradle/internal/build/event/types/DefaultBinaryPluginIdentifier;.<clinit>()V> (0x0000000087dcaa60) 
thrown [s\src\hotspot\share\prims\jni.cpp, line 1108]
Event: 37.677 Thread 0x00000000203f82e0 Exception <a 'java/lang/NoSuchMethodError'{0x0000000087dded60}: static Lorg/gradle/internal/build/event/types/DefaultScriptPluginIdentifier;.<clinit>()V> (0x0000000087dded60) 
thrown [s\src\hotspot\share\prims\jni.cpp, line 1108]
Event: 38.098 Thread 0x00000000203f9620 Implicit null exception at 0x000000000dc8a992 to 0x000000000dc8afbc
Event: 41.215 Thread 0x00000000203f9620 Exception <a 'java/lang/ClassNotFoundException'{0x00000000870c6ea8}: org/gradle/api/internal/plugins/DefaultObjectConfigurationActionBeanInfo> (0x00000000870c6ea8) 
thrown [s\src\hotspot\share\classfile\systemDictionary.cpp, line 256]
Event: 41.216 Thread 0x00000000203f9620 Exception <a 'java/lang/ClassNotFoundException'{0x00000000870dad00}: org/gradle/api/internal/plugins/DefaultObjectConfigurationActionCustomizer> (0x00000000870dad00) 
thrown [s\src\hotspot\share\classfile\systemDictionary.cpp, line 256]

VM Operations (20 events):
Event: 34.411 Executing VM operation: Cleanup
Event: 34.412 Executing VM operation: Cleanup done
Event: 34.513 Executing VM operation: G1CollectForAllocation
Event: 34.552 Executing VM operation: G1CollectForAllocation done
Event: 35.354 Executing VM operation: HandshakeAllThreads
Event: 35.354 Executing VM operation: HandshakeAllThreads done
Event: 35.655 Executing VM operation: ICBufferFull
Event: 35.656 Executing VM operation: ICBufferFull done
Event: 36.825 Executing VM operation: Cleanup
Event: 36.825 Executing VM operation: Cleanup done
Event: 37.509 Executing VM operation: HandshakeAllThreads
Event: 37.509 Executing VM operation: HandshakeAllThreads done
Event: 38.098 Executing VM operation: ICBufferFull
Event: 38.098 Executing VM operation: ICBufferFull done
Event: 39.106 Executing VM operation: Cleanup
Event: 39.106 Executing VM operation: Cleanup done
Event: 40.108 Executing VM operation: Cleanup
Event: 40.109 Executing VM operation: Cleanup done
Event: 41.112 Executing VM operation: Cleanup
Event: 41.112 Executing VM operation: Cleanup done

Events (20 events):
Event: 35.885 Thread 0x000000001f092060 Thread added: 0x000000001f092060
Event: 35.885 Thread 0x000000001f093870 Thread added: 0x000000001f093870
Event: 35.886 Thread 0x000000001f094bb0 Thread added: 0x000000001f094bb0
Event: 35.886 Thread 0x000000001f0933a0 Thread added: 0x000000001f0933a0
Event: 35.887 Thread 0x000000001f092a00 Thread added: 0x000000001f092a00
Event: 35.887 Thread 0x000000001f092ed0 Thread added: 0x000000001f092ed0
Event: 37.504 loading class java/util/stream/SortedOps
Event: 37.505 loading class java/util/stream/SortedOps done
Event: 37.505 loading class java/util/stream/SortedOps$OfRef
Event: 37.506 loading class java/util/stream/ReferencePipeline$StatefulOp
Event: 37.506 loading class java/util/stream/ReferencePipeline$StatefulOp done
Event: 37.506 loading class java/util/stream/SortedOps$OfRef done
Event: 37.512 loading class java/util/stream/SortedOps$RefSortingSink
Event: 37.513 loading class java/util/stream/SortedOps$AbstractRefSortingSink
Event: 37.514 loading class java/util/stream/SortedOps$AbstractRefSortingSink done
Event: 37.514 loading class java/util/stream/SortedOps$RefSortingSink done
Event: 37.675 loading class java/time/Ser
Event: 37.675 loading class java/time/Ser done
Event: 41.218 loading class jdk/internal/reflect/UnsafeObjectFieldAccessorImpl
Event: 41.219 loading class jdk/internal/reflect/UnsafeObjectFieldAccessorImpl done


Dynamic libraries:
0x00007ff72f540000 - 0x00007ff72f54a000 	C:\Program Files\Android\Android Studio\jbr\bin\java.exe
0x00007ffab89b0000 - 0x00007ffab8bc7000 	C:\Windows\SYSTEM32\ntdll.dll
0x00007ffab7180000 - 0x00007ffab7244000 	C:\Windows\System32\KERNEL32.DLL
0x00007ffab5fe0000 - 0x00007ffab638c000 	C:\Windows\System32\KERNELBASE.dll
0x00007ffab65d0000 - 0x00007ffab66e1000 	C:\Windows\System32\ucrtbase.dll
0x00007ffa5f560000 - 0x00007ffa5f577000 	C:\Program Files\Android\Android Studio\jbr\bin\jli.dll
0x00007ffa8cca0000 - 0x00007ffa8ccbb000 	C:\Program Files\Android\Android Studio\jbr\bin\VCRUNTIME140.dll
0x00007ffab7490000 - 0x00007ffab763e000 	C:\Windows\System32\USER32.dll
0x00007ffab6390000 - 0x00007ffab63b6000 	C:\Windows\System32\win32u.dll
0x00007ffa90770000 - 0x00007ffa90a03000 	C:\Windows\WinSxS\amd64_microsoft.windows.common-controls_6595b64144ccf1df_6.0.22621.3672_none_2713b9d173822955\COMCTL32.dll
0x00007ffab6ff0000 - 0x00007ffab7019000 	C:\Windows\System32\GDI32.dll
0x00007ffab64b0000 - 0x00007ffab65c9000 	C:\Windows\System32\gdi32full.dll
0x00007ffab5ec0000 - 0x00007ffab5f5a000 	C:\Windows\System32\msvcp_win.dll
0x00007ffab7640000 - 0x00007ffab76e7000 	C:\Windows\System32\msvcrt.dll
0x00007ffab7420000 - 0x00007ffab7451000 	C:\Windows\System32\IMM32.DLL
0x00007ffaaed30000 - 0x00007ffaaed3c000 	C:\Program Files\Android\Android Studio\jbr\bin\vcruntime140_1.dll
0x00007ffa79090000 - 0x00007ffa7911d000 	C:\Program Files\Android\Android Studio\jbr\bin\msvcp140.dll
0x00007ffa59d10000 - 0x00007ffa5a97e000 	C:\Program Files\Android\Android Studio\jbr\bin\server\jvm.dll
0x00007ffab6f30000 - 0x00007ffab6fe2000 	C:\Windows\System32\ADVAPI32.dll
0x00007ffab88c0000 - 0x00007ffab896a000 	C:\Windows\System32\sechost.dll
0x00007ffab6480000 - 0x00007ffab64a8000 	C:\Windows\System32\bcrypt.dll
0x00007ffab86a0000 - 0x00007ffab87b5000 	C:\Windows\System32\RPCRT4.dll
0x00007ffaad200000 - 0x00007ffaad234000 	C:\Windows\SYSTEM32\WINMM.dll
0x00007ffaa1eb0000 - 0x00007ffaa1eb9000 	C:\Windows\SYSTEM32\WSOCK32.dll
0x00007ffaa5c00000 - 0x00007ffaa5c0a000 	C:\Windows\SYSTEM32\VERSION.dll
0x00007ffab7100000 - 0x00007ffab7171000 	C:\Windows\System32\WS2_32.dll
0x00007ffab4cd0000 - 0x00007ffab4ce8000 	C:\Windows\SYSTEM32\kernel.appcore.dll
0x00007ffaab380000 - 0x00007ffaab38a000 	C:\Program Files\Android\Android Studio\jbr\bin\jimage.dll
0x00007ffab3510000 - 0x00007ffab3742000 	C:\Windows\SYSTEM32\DBGHELP.DLL
0x00007ffab6850000 - 0x00007ffab6bd8000 	C:\Windows\System32\combase.dll
0x00007ffab6e50000 - 0x00007ffab6f27000 	C:\Windows\System32\OLEAUT32.dll
0x00007ffa9fd00000 - 0x00007ffa9fd32000 	C:\Windows\SYSTEM32\dbgcore.DLL
0x00007ffab5f60000 - 0x00007ffab5fdb000 	C:\Windows\System32\bcryptPrimitives.dll
0x00007ffa6a610000 - 0x00007ffa6a635000 	C:\Program Files\Android\Android Studio\jbr\bin\java.dll
0x00007ffa62e60000 - 0x00007ffa62e78000 	C:\Program Files\Android\Android Studio\jbr\bin\zip.dll
0x00007ffab7800000 - 0x00007ffab805c000 	C:\Windows\System32\SHELL32.dll
0x00007ffab3be0000 - 0x00007ffab44d7000 	C:\Windows\SYSTEM32\windows.storage.dll
0x00007ffab3aa0000 - 0x00007ffab3bdf000 	C:\Windows\SYSTEM32\wintypes.dll
0x00007ffab7700000 - 0x00007ffab77f4000 	C:\Windows\System32\SHCORE.dll
0x00007ffab6be0000 - 0x00007ffab6c3e000 	C:\Windows\System32\shlwapi.dll
0x00007ffab5c10000 - 0x00007ffab5c31000 	C:\Windows\SYSTEM32\profapi.dll
0x00007ffa5f780000 - 0x00007ffa5f799000 	C:\Program Files\Android\Android Studio\jbr\bin\net.dll
0x00007ffaae490000 - 0x00007ffaae5c6000 	C:\Windows\SYSTEM32\WINHTTP.dll
0x00007ffab5140000 - 0x00007ffab51a9000 	C:\Windows\system32\mswsock.dll
0x00007ffa5ef90000 - 0x00007ffa5efa6000 	C:\Program Files\Android\Android Studio\jbr\bin\nio.dll
0x00007ffaaeeb0000 - 0x00007ffaaeec0000 	C:\Program Files\Android\Android Studio\jbr\bin\verify.dll
0x00007ffaaeec0000 - 0x00007ffaaeee7000 	C:\Users\Admin\.gradle\native\68d5fa5c4cc2d200863cafc0d521ce42e7d3e7ee720ec0a83991735586a16f82\windows-amd64\native-platform.dll
0x00007ffa5f630000 - 0x00007ffa5f774000 	C:\Users\Admin\.gradle\native\e376f236ea51e6404a007f0833ffe2c6e607c4080706a723a18a27aeea778392\windows-amd64\native-platform-file-events.dll
0x00007ffaaeea0000 - 0x00007ffaaeea9000 	C:\Program Files\Android\Android Studio\jbr\bin\management.dll
0x00007ffaaee90000 - 0x00007ffaaee9b000 	C:\Program Files\Android\Android Studio\jbr\bin\management_ext.dll
0x00007ffab7250000 - 0x00007ffab7258000 	C:\Windows\System32\PSAPI.DLL
0x00007ffab5380000 - 0x00007ffab539b000 	C:\Windows\SYSTEM32\CRYPTSP.dll
0x00007ffab4c30000 - 0x00007ffab4c65000 	C:\Windows\system32\rsaenh.dll
0x00007ffab51e0000 - 0x00007ffab5208000 	C:\Windows\SYSTEM32\USERENV.dll
0x00007ffab5340000 - 0x00007ffab534c000 	C:\Windows\SYSTEM32\CRYPTBASE.dll
0x00007ffab4780000 - 0x00007ffab47ad000 	C:\Windows\SYSTEM32\IPHLPAPI.DLL
0x00007ffab7460000 - 0x00007ffab7469000 	C:\Windows\System32\NSI.dll
0x00007ffaaec90000 - 0x00007ffaaeca9000 	C:\Windows\SYSTEM32\dhcpcsvc6.DLL
0x00007ffaae0d0000 - 0x00007ffaae0ef000 	C:\Windows\SYSTEM32\dhcpcsvc.DLL
0x00007ffab4800000 - 0x00007ffab48f8000 	C:\Windows\SYSTEM32\DNSAPI.dll
0x00007ffa85ad0000 - 0x00007ffa85ad8000 	C:\Windows\system32\wshunix.dll

dbghelp: loaded successfully - version: 4.0.5 - missing functions: none
symbol engine: initialized successfully - sym options: 0x614 - pdb path: .;C:\Program Files\Android\Android Studio\jbr\bin;C:\Windows\SYSTEM32;C:\Windows\WinSxS\amd64_microsoft.windows.common-controls_6595b64144ccf1df_6.0.22621.3672_none_2713b9d173822955;C:\Program Files\Android\Android Studio\jbr\bin\server;C:\Users\Admin\.gradle\native\68d5fa5c4cc2d200863cafc0d521ce42e7d3e7ee720ec0a83991735586a16f82\windows-amd64;C:\Users\Admin\.gradle\native\e376f236ea51e6404a007f0833ffe2c6e607c4080706a723a18a27aeea778392\windows-amd64

VM Arguments:
jvm_args: --add-opens=java.base/java.util=ALL-UNNAMED --add-opens=java.base/java.lang=ALL-UNNAMED --add-opens=java.base/java.lang.invoke=ALL-UNNAMED --add-opens=java.prefs/java.util.prefs=ALL-UNNAMED --add-opens=java.base/java.nio.charset=ALL-UNNAMED --add-opens=java.base/java.net=ALL-UNNAMED --add-opens=java.base/java.util.concurrent.atomic=ALL-UNNAMED -Xmx2048m -Dfile.encoding=UTF-8 -Duser.country=US -Duser.language=en -Duser.variant 
java_command: org.gradle.launcher.daemon.bootstrap.GradleDaemon 8.0
java_class_path (initial): C:\Users\Admin\.gradle\wrapper\dists\gradle-8.0-bin\ca5e32bp14vu59qr306oxotwh\gradle-8.0\lib\gradle-launcher-8.0.jar
Launcher Type: SUN_STANDARD

[Global flags]
     intx CICompilerCount                          = 2                                         {product} {ergonomic}
     uint ConcGCThreads                            = 1                                         {product} {ergonomic}
     uint G1ConcRefinementThreads                  = 2                                         {product} {ergonomic}
   size_t G1HeapRegionSize                         = 1048576                                   {product} {ergonomic}
    uintx GCDrainStackTargetSize                   = 64                                        {product} {ergonomic}
   size_t InitialHeapSize                          = 62914560                                  {product} {ergonomic}
   size_t MarkStackSize                            = 4194304                                   {product} {ergonomic}
   size_t MaxHeapSize                              = 2147483648                                {product} {command line}
   size_t MaxNewSize                               = 1287651328                                {product} {ergonomic}
   size_t MinHeapDeltaBytes                        = 1048576                                   {product} {ergonomic}
   size_t MinHeapSize                              = 8388608                                   {product} {ergonomic}
    uintx NonNMethodCodeHeapSize                   = 5826188                                {pd product} {ergonomic}
    uintx NonProfiledCodeHeapSize                  = 122916026                              {pd product} {ergonomic}
    uintx ProfiledCodeHeapSize                     = 122916026                              {pd product} {ergonomic}
    uintx ReservedCodeCacheSize                    = 251658240                              {pd product} {ergonomic}
     bool SegmentedCodeCache                       = true                                      {product} {ergonomic}
   size_t SoftMaxHeapSize                          = 2147483648                             {manageable} {ergonomic}
     bool UseCompressedClassPointers               = true                           {product lp64_product} {ergonomic}
     bool UseCompressedOops                        = true                           {product lp64_product} {ergonomic}
     bool UseG1GC                                  = true                                      {product} {ergonomic}
     bool UseLargePagesIndividualAllocation        = false                                  {pd product} {ergonomic}

Logging:
Log output configuration:
 #0: stdout all=warning uptime,level,tags
 #1: stderr all=off uptime,level,tags

Environment Variables:
JAVA_HOME=C:\Program Files\Java\jdk-23
PATH=C:\Program Files (x86)\Common Files\Oracle\Java\java8path;C:\Program Files (x86)\Common Files\Oracle\Java\javapath;C:\Python312\Scripts\;C:\Python312\;C:\Windows\system32;C:\Windows;C:\Windows\System32\Wbem;C:\Windows\System32\WindowsPowerShell\v1.0\;C:\Windows\System32\OpenSSH\;C:\Program Files\dotnet\;C:\Program Files\Microsoft VS Code\bin;C:\Program Files\Git\cmd;C:\Program Files\nodejs\;C:\ProgramData\chocolatey\bin;C:\Program Files\Java\jdk-23\bin;C:\Users\Admin\AppData\Local\Microsoft\WindowsApps;C:\Users\Admin\AppData\Local\Programs\Microsoft VS Code\bin;C:\Users\Admin\AppData\Roaming\npm
USERNAME=Admin
OS=Windows_NT
PROCESSOR_IDENTIFIER=Intel64 Family 6 Model 122 Stepping 8, GenuineIntel
TMP=C:\Users\Admin\AppData\Local\Temp
TEMP=C:\Users\Admin\AppData\Local\Temp


JNI global refs:
JNI global refs: 23, weak refs: 0

JNI global refs memory usage: 843, weak refs: 841


---------------  S Y S T E M  ---------------

OS:
 Windows 11 , 64 bit Build 22621 (10.0.22621.3672)
OS uptime: 0 days 4:50 hours
Hyper-V role detected

CPU: total 2 (initial active 2) (2 cores per cpu, 1 threads per core) family 6 model 122 stepping 8 microcode 0x20, cx8, cmov, fxsr, mmx, 3dnowpref, sse, sse2, sse3, ssse3, sse4.1, sse4.2, popcnt, tsc, tscinvbit, aes, erms, clmul, sha, clflush, clflushopt, hv

Memory: 4k page, system-wide physical 3737M (167M free)
TotalPageFile size 9881M (AvailPageFile size 4M)
current process WorkingSet (physical memory assigned to process): 292M, peak: 297M
current process commit charge ("private bytes"): 331M, peak: 339M

vm_info: OpenJDK 64-Bit Server VM (17.0.6+0-b2043.56-10027231) for windows-amd64 JRE (17.0.6+0-b2043.56-10027231), built on Apr 28 2023 00:43:19 by "androidbuild" with MS VC++ 16.10 / 16.11 (VS2019)

END.
