#
# There is insufficient memory for the Java Runtime Environment to continue.
# Native memory allocation (mmap) failed to map 266338304 bytes. Error detail: G1 virtual space
# Possible reasons:
#   The system is out of physical RAM or swap space
#   This process is running with CompressedOops enabled, and the Java Heap may be blocking the growth of the native heap
# Possible solutions:
#   Reduce memory load on the system
#   Increase physical memory or swap space
#   Check if swap backing store is full
#   Decrease Java heap size (-Xmx/-Xms)
#   Decrease number of Java threads
#   Decrease Java thread stack sizes (-Xss)
#   Set larger code cache with -XX:ReservedCodeCacheSize=
#   JVM is running with Unscaled Compressed Oops mode in which the Java heap is
#     placed in the first 4GB address space. The Java Heap base address is the
#     maximum limit for the native heap growth. Please use -XX:HeapBaseMinAddress
#     to set the Java Heap base and to place the Java Heap above 4GB virtual address.
# This output file may be truncated or incomplete.
#
#  Out of Memory Error (os_windows.cpp:3703), pid=4164, tid=8776
#
# JRE version: OpenJDK Runtime Environment (23.0+37) (build 23+37-2369)
# Java VM: OpenJDK 64-Bit Server VM (23+37-2369, mixed mode, sharing, tiered, compressed oops, compressed class ptrs, g1 gc, windows-amd64)
# No core dump will be written. Minidumps are not enabled by default on client versions of Windows
#

---------------  S U M M A R Y ------------

Command Line: --add-opens=java.base/java.util=ALL-UNNAMED --add-opens=java.base/java.lang=ALL-UNNAMED --add-opens=java.base/java.lang.invoke=ALL-UNNAMED --add-opens=java.prefs/java.util.prefs=ALL-UNNAMED --add-opens=java.base/java.nio.charset=ALL-UNNAMED --add-opens=java.base/java.net=ALL-UNNAMED --add-opens=java.base/java.util.concurrent.atomic=ALL-UNNAMED -Xmx2048m -Dfile.encoding=UTF-8 -Duser.country=US -Duser.language=en -Duser.variant org.gradle.launcher.daemon.bootstrap.GradleDaemon 8.0

Host: Intel(R) Celeron(R) N4020 CPU @ 1.10GHz, 2 cores, 3G,  Windows 11 , 64 bit Build 22621 (10.0.22621.3672)
Time: Fri Nov 15 16:15:55 2024 SE Asia Standard Time elapsed time: 125.817239 seconds (0d 0h 2m 5s)

---------------  T H R E A D  ---------------

Current thread (0x000000001efbbfb0):  VMThread "VM Thread"          [id=8776, stack(0x000000001f180000,0x000000001f280000) (1024K)]

Stack: [0x000000001f180000,0x000000001f280000]
Native frames: (J=compiled Java code, j=interpreted, Vv=VM code, C=native code)
V  [jvm.dll+0x6e08a9]  (no source info available)
V  [jvm.dll+0x87da63]  (no source info available)
V  [jvm.dll+0x87feee]  (no source info available)
V  [jvm.dll+0x8805c3]  (no source info available)
V  [jvm.dll+0x27aee6]  (no source info available)
V  [jvm.dll+0x6dd1b5]  (no source info available)
V  [jvm.dll+0x6d103a]  (no source info available)
V  [jvm.dll+0x35b3ea]  (no source info available)
V  [jvm.dll+0x3637f6]  (no source info available)
V  [jvm.dll+0x34fd5e]  (no source info available)
V  [jvm.dll+0x34fff8]  (no source info available)
V  [jvm.dll+0x3289cc]  (no source info available)
V  [jvm.dll+0x328a5a]  (no source info available)
V  [jvm.dll+0x374c92]  (no source info available)
V  [jvm.dll+0x373392]  (no source info available)
V  [jvm.dll+0x3281a7]  (no source info available)
V  [jvm.dll+0x372b44]  (no source info available)
V  [jvm.dll+0x886500]  (no source info available)
V  [jvm.dll+0x887827]  (no source info available)
V  [jvm.dll+0x887d58]  (no source info available)
V  [jvm.dll+0x887ff3]  (no source info available)
V  [jvm.dll+0x824f1b]  (no source info available)
V  [jvm.dll+0x6df055]  (no source info available)
C  [ucrtbase.dll+0x29333]  (no source info available)
C  [KERNEL32.DLL+0x1257d]  (no source info available)
C  [ntdll.dll+0x5af28]  (no source info available)

VM_Operation (0x0000000068adef30): G1CollectForAllocation, mode: safepoint, requested by thread 0x0000000066857560


---------------  P R O C E S S  ---------------

Threads class SMR info:
_java_thread_list=0x0000000065bcbd30, length=61, elements={
0x00000000005a1a40, 0x000000001efd30c0, 0x000000001efd3c20, 0x000000001efd50f0,
0x000000001efd7b60, 0x000000001efdb710, 0x000000001efdfd70, 0x000000001efe6c70,
0x000000001eff0450, 0x000000001fc99ee0, 0x000000001fc9b7a0, 0x00000000665eaef0,
0x000000006674e680, 0x000000006686a4f0, 0x0000000066816fe0, 0x00000000668330a0,
0x0000000066858280, 0x0000000066857bf0, 0x0000000066858910, 0x0000000066859630,
0x0000000066856840, 0x0000000066856ed0, 0x0000000066857560, 0x0000000067ca6e40,
0x0000000067ca5400, 0x0000000067ca5a90, 0x0000000067ca74d0, 0x0000000067ca3330,
0x0000000067ca7b60, 0x0000000067ca81f0, 0x0000000067ca4050, 0x0000000067ca8880,
0x0000000067ca8f10, 0x0000000069911130, 0x0000000069915ff0, 0x0000000069910aa0,
0x0000000069915960, 0x00000000699124e0, 0x0000000069910410, 0x0000000069913f20,
0x000000006990f060, 0x0000000069913200, 0x0000000069916680, 0x00000000699145b0,
0x000000006990f6f0, 0x0000000069914c40, 0x0000000069911e50, 0x0000000069912b70,
0x0000000069913890, 0x00000000695f8b30, 0x00000000695f9850, 0x00000000695f7e10,
0x00000000695f7780, 0x00000000695f84a0, 0x00000000695f6a60, 0x00000000695f70f0,
0x0000000067ea3d80, 0x000000006783d0d0, 0x000000006783d760, 0x000000006783b000,
0x0000000067840550
}

Java Threads: ( => current thread )
  0x00000000005a1a40 JavaThread "main"                              [_thread_blocked, id=8804, stack(0x00000000021f0000,0x00000000022f0000) (1024K)]
  0x000000001efd30c0 JavaThread "Reference Handler"          daemon [_thread_blocked, id=6544, stack(0x000000001f280000,0x000000001f380000) (1024K)]
  0x000000001efd3c20 JavaThread "Finalizer"                  daemon [_thread_blocked, id=3804, stack(0x000000001f380000,0x000000001f480000) (1024K)]
  0x000000001efd50f0 JavaThread "Signal Dispatcher"          daemon [_thread_blocked, id=9836, stack(0x000000001f480000,0x000000001f580000) (1024K)]
  0x000000001efd7b60 JavaThread "Attach Listener"            daemon [_thread_blocked, id=600, stack(0x000000001f580000,0x000000001f680000) (1024K)]
  0x000000001efdb710 JavaThread "Service Thread"             daemon [_thread_blocked, id=8508, stack(0x000000001f680000,0x000000001f780000) (1024K)]
  0x000000001efdfd70 JavaThread "Monitor Deflation Thread"   daemon [_thread_blocked, id=9908, stack(0x000000001f780000,0x000000001f880000) (1024K)]
  0x000000001efe6c70 JavaThread "C2 CompilerThread0"         daemon [_thread_blocked, id=7712, stack(0x000000001f880000,0x000000001f980000) (1024K)]
  0x000000001eff0450 JavaThread "C1 CompilerThread0"         daemon [_thread_blocked, id=8204, stack(0x000000001f980000,0x000000001fa80000) (1024K)]
  0x000000001fc99ee0 JavaThread "Common-Cleaner"             daemon [_thread_blocked, id=8000, stack(0x0000000065000000,0x0000000065100000) (1024K)]
  0x000000001fc9b7a0 JavaThread "Notification Thread"        daemon [_thread_blocked, id=4832, stack(0x0000000065100000,0x0000000065200000) (1024K)]
  0x00000000665eaef0 JavaThread "Daemon health stats"               [_thread_blocked, id=2880, stack(0x0000000066ad0000,0x0000000066bd0000) (1024K)]
  0x000000006674e680 JavaThread "Incoming local TCP Connector on port 53696"        [_thread_in_native, id=2788, stack(0x0000000066f10000,0x0000000067010000) (1024K)]
  0x000000006686a4f0 JavaThread "Daemon periodic checks"            [_thread_blocked, id=9600, stack(0x0000000067010000,0x0000000067110000) (1024K)]
  0x0000000066816fe0 JavaThread "Daemon"                            [_thread_blocked, id=8260, stack(0x0000000067110000,0x0000000067210000) (1024K)]
  0x00000000668330a0 JavaThread "Handler for socket connection from /127.0.0.1:53696 to /127.0.0.1:53697"        [_thread_in_native, id=3464, stack(0x0000000067210000,0x0000000067310000) (1024K)]
  0x0000000066858280 JavaThread "Cancel handler"                    [_thread_blocked, id=8220, stack(0x0000000067310000,0x0000000067410000) (1024K)]
  0x0000000066857bf0 JavaThread "Daemon worker"                     [_thread_blocked, id=7980, stack(0x00000000683e0000,0x00000000684e0000) (1024K)]
  0x0000000066858910 JavaThread "Asynchronous log dispatcher for DefaultDaemonConnection: socket connection from /127.0.0.1:53696 to /127.0.0.1:53697"        [_thread_blocked, id=1280, stack(0x00000000684e0000,0x00000000685e0000) (1024K)]
  0x0000000066859630 JavaThread "Daemon client event forwarder"        [_thread_blocked, id=8352, stack(0x00000000686e0000,0x00000000687e0000) (1024K)]
  0x0000000066856840 JavaThread "Cache worker for journal cache (C:\Program Files\Java\jdk-23\caches\journal-1)"        [_thread_blocked, id=7484, stack(0x00000000687e0000,0x00000000688e0000) (1024K)]
  0x0000000066856ed0 JavaThread "File lock request listener"        [_thread_in_native, id=9480, stack(0x00000000688e0000,0x00000000689e0000) (1024K)]
  0x0000000066857560 JavaThread "Cache worker for file hash cache (C:\Program Files\Java\jdk-23\caches\8.0\fileHashes)"        [_thread_blocked, id=8152, stack(0x00000000689e0000,0x0000000068ae0000) (1024K)]
  0x0000000067ca6e40 JavaThread "File watcher server"        daemon [_thread_in_native, id=3472, stack(0x0000000068ae0000,0x0000000068be0000) (1024K)]
  0x0000000067ca5400 JavaThread "File watcher consumer"      daemon [_thread_blocked, id=10204, stack(0x0000000068be0000,0x0000000068ce0000) (1024K)]
  0x0000000067ca5a90 JavaThread "jar transforms"                    [_thread_blocked, id=10160, stack(0x0000000068ce0000,0x0000000068de0000) (1024K)]
  0x0000000067ca74d0 JavaThread "jar transforms Thread 2"           [_thread_blocked, id=8844, stack(0x0000000068de0000,0x0000000068ee0000) (1024K)]
  0x0000000067ca3330 JavaThread "Cache worker for checksums cache (C:\Users\Admin\AndroidStudioProjects\LBACAKU\.gradle\8.0\checksums)"        [_thread_blocked, id=5436, stack(0x0000000069ec0000,0x0000000069fc0000) (1024K)]
  0x0000000067ca7b60 JavaThread "Cache worker for cache directory md-rule (C:\Program Files\Java\jdk-23\caches\8.0\md-rule)"        [_thread_blocked, id=10104, stack(0x0000000069fc0000,0x000000006a0c0000) (1024K)]
  0x0000000067ca81f0 JavaThread "Cache worker for file content cache (C:\Program Files\Java\jdk-23\caches\8.0\fileContent)"        [_thread_blocked, id=8224, stack(0x000000006a0c0000,0x000000006a1c0000) (1024K)]
  0x0000000067ca4050 JavaThread "Cache worker for file hash cache (C:\Users\Admin\AndroidStudioProjects\LBACAKU\.gradle\8.0\fileHashes)"        [_thread_blocked, id=8140, stack(0x000000006a1c0000,0x000000006a2c0000) (1024K)]
  0x0000000067ca8880 JavaThread "Cache worker for cache directory md-supplier (C:\Program Files\Java\jdk-23\caches\8.0\md-supplier)"        [_thread_blocked, id=9152, stack(0x000000006a2c0000,0x000000006a3c0000) (1024K)]
  0x0000000067ca8f10 JavaThread "Cache worker for execution history cache (C:\Program Files\Java\jdk-23\caches\8.0\executionHistory)"        [_thread_blocked, id=9144, stack(0x000000006a7d0000,0x000000006a8d0000) (1024K)]
  0x0000000069911130 JavaThread "Cache worker for kotlin-dsl (C:\Program Files\Java\jdk-23\caches\8.0\kotlin-dsl)"        [_thread_blocked, id=4324, stack(0x000000006a3c0000,0x000000006a4c0000) (1024K)]
  0x0000000069915ff0 JavaThread "Cache worker for dependencies-accessors (C:\Users\Admin\AndroidStudioProjects\LBACAKU\.gradle\8.0\dependencies-accessors)"        [_thread_blocked, id=4868, stack(0x000000006a4c0000,0x000000006a5c0000) (1024K)]
  0x0000000069910aa0 JavaThread "Cache worker for Build Output Cleanup Cache (C:\Users\Admin\AndroidStudioProjects\LBACAKU\.gradle\buildOutputCleanup)"        [_thread_blocked, id=9820, stack(0x000000006a5c0000,0x000000006a6c0000) (1024K)]
  0x0000000069915960 JavaThread "Unconstrained build operations"        [_thread_blocked, id=6556, stack(0x000000006a6c0000,0x000000006a7c0000) (1024K)]
  0x00000000699124e0 JavaThread "Unconstrained build operations Thread 2"        [_thread_blocked, id=4340, stack(0x000000006c870000,0x000000006c970000) (1024K)]
  0x0000000069910410 JavaThread "Unconstrained build operations Thread 3"        [_thread_blocked, id=2672, stack(0x000000006c970000,0x000000006ca70000) (1024K)]
  0x0000000069913f20 JavaThread "Unconstrained build operations Thread 4"        [_thread_blocked, id=6596, stack(0x000000006ca70000,0x000000006cb70000) (1024K)]
  0x000000006990f060 JavaThread "Unconstrained build operations Thread 5"        [_thread_blocked, id=3052, stack(0x000000006cb70000,0x000000006cc70000) (1024K)]
  0x0000000069913200 JavaThread "Unconstrained build operations Thread 6"        [_thread_blocked, id=10220, stack(0x000000006cc70000,0x000000006cd70000) (1024K)]
  0x0000000069916680 JavaThread "Unconstrained build operations Thread 7"        [_thread_blocked, id=9492, stack(0x000000006cd70000,0x000000006ce70000) (1024K)]
  0x00000000699145b0 JavaThread "Unconstrained build operations Thread 8"        [_thread_blocked, id=7460, stack(0x000000006ce70000,0x000000006cf70000) (1024K)]
  0x000000006990f6f0 JavaThread "Unconstrained build operations Thread 9"        [_thread_blocked, id=4692, stack(0x000000006cf70000,0x000000006d070000) (1024K)]
  0x0000000069914c40 JavaThread "Unconstrained build operations Thread 10"        [_thread_blocked, id=9484, stack(0x000000006d070000,0x000000006d170000) (1024K)]
  0x0000000069911e50 JavaThread "Unconstrained build operations Thread 11"        [_thread_blocked, id=8276, stack(0x000000006d170000,0x000000006d270000) (1024K)]
  0x0000000069912b70 JavaThread "Unconstrained build operations Thread 12"        [_thread_blocked, id=8500, stack(0x000000006d270000,0x000000006d370000) (1024K)]
  0x0000000069913890 JavaThread "Unconstrained build operations Thread 13"        [_thread_blocked, id=8588, stack(0x000000006d370000,0x000000006d470000) (1024K)]
  0x00000000695f8b30 JavaThread "Unconstrained build operations Thread 14"        [_thread_blocked, id=4112, stack(0x000000006d470000,0x000000006d570000) (1024K)]
  0x00000000695f9850 JavaThread "Unconstrained build operations Thread 15"        [_thread_blocked, id=7708, stack(0x000000006d570000,0x000000006d670000) (1024K)]
  0x00000000695f7e10 JavaThread "Unconstrained build operations Thread 16"        [_thread_blocked, id=8308, stack(0x000000006d670000,0x000000006d770000) (1024K)]
  0x00000000695f7780 JavaThread "Unconstrained build operations Thread 17"        [_thread_blocked, id=8428, stack(0x000000006d770000,0x000000006d870000) (1024K)]
  0x00000000695f84a0 JavaThread "Unconstrained build operations Thread 18"        [_thread_blocked, id=8792, stack(0x000000006d870000,0x000000006d970000) (1024K)]
  0x00000000695f6a60 JavaThread "Unconstrained build operations Thread 19"        [_thread_blocked, id=4980, stack(0x000000006d970000,0x000000006da70000) (1024K)]
  0x00000000695f70f0 JavaThread "Unconstrained build operations Thread 20"        [_thread_blocked, id=7752, stack(0x000000006da70000,0x000000006db70000) (1024K)]
  0x0000000067ea3d80 JavaThread "Memory manager"                    [_thread_blocked, id=7884, stack(0x000000006dc70000,0x000000006dd70000) (1024K)]
  0x000000006783d0d0 JavaThread "included builds"                   [_thread_blocked, id=9996, stack(0x0000000000670000,0x0000000000770000) (1024K)]
  0x000000006783d760 JavaThread "Execution worker"                  [_thread_blocked, id=5396, stack(0x0000000000770000,0x0000000000870000) (1024K)]
  0x000000006783b000 JavaThread "Cache worker for execution history cache (C:\Users\Admin\AndroidStudioProjects\LBACAKU\.gradle\8.0\executionHistory)"        [_thread_blocked, id=4968, stack(0x0000000000870000,0x0000000000970000) (1024K)]
  0x0000000067840550 JavaThread "idea-tooling-model-converter"        [_thread_blocked, id=5928, stack(0x00000000685e0000,0x00000000686e0000) (1024K)]
Total: 61

Other Threads:
=>0x000000001efbbfb0 VMThread "VM Thread"                           [id=8776, stack(0x000000001f180000,0x000000001f280000) (1024K)]
  0x000000001efaaac0 WatcherThread "VM Periodic Task Thread"        [id=8584, stack(0x000000001f080000,0x000000001f180000) (1024K)]
  0x0000000002c833c0 WorkerThread "GC Thread#0"                     [id=8072, stack(0x000000001c760000,0x000000001c860000) (1024K)]
  0x000000001fe31160 WorkerThread "GC Thread#1"                     [id=9132, stack(0x0000000065200000,0x0000000065300000) (1024K)]
  0x0000000002c98d60 ConcurrentGCThread "G1 Main Marker"            [id=5280, stack(0x000000001c860000,0x000000001c960000) (1024K)]
  0x0000000002c99870 WorkerThread "G1 Conc#0"                       [id=5760, stack(0x000000001c960000,0x000000001ca60000) (1024K)]
  0x0000000002cea9d0 ConcurrentGCThread "G1 Refine#0"               [id=872, stack(0x000000001ec80000,0x000000001ed80000) (1024K)]
  0x0000000002cec400 ConcurrentGCThread "G1 Service"                [id=9176, stack(0x000000001ed80000,0x000000001ee80000) (1024K)]
Total: 8

Threads with active compile tasks:
Total: 0

VM state: at safepoint (normal execution)

VM Mutex/Monitor currently owned by a thread:  ([mutex/lock_event])
[0x00007ffd94953910] Threads_lock - owner thread: 0x000000001efbbfb0
[0x00007ffd94953a10] Heap_lock - owner thread: 0x0000000066857560

Heap address: 0x0000000080000000, size: 2048 MB, Compressed Oops mode: 32-bit

CDS archive(s) mapped at: [0x0000000020000000-0x0000000020d70000-0x0000000020d70000), size 14090240, SharedBaseAddress: 0x0000000020000000, ArchiveRelocationMode: 1.
Compressed class space mapped at: 0x0000000021000000-0x0000000061000000, reserved size: 1073741824
Narrow klass base: 0x0000000000000000, Narrow klass shift: 0, Narrow klass range: 0x61000000

GC Precious Log:
 CardTable entry size: 512
 Card Set container configuration: InlinePtr #cards 5 size 8 Array Of Cards #cards 10 size 36 Howl #buckets 4 coarsen threshold 1843 Howl Bitmap #cards 512 size 80 coarsen threshold 460 Card regions per heap region 1 cards per card region 2048
 CPUs: 2 total, 2 available
 Memory: 3737M
 Large Page Support: Disabled
 NUMA Support: Disabled
 Compressed Oops: Enabled (32-bit)
 Heap Region Size: 1M
 Heap Min Capacity: 8M
 Heap Initial Capacity: 60M
 Heap Max Capacity: 2G
 Pre-touch: Disabled
 Parallel Workers: 2
 Concurrent Workers: 1
 Concurrent Refinement Workers: 2
 Periodic GC: Disabled

Heap:
 garbage-first heap   total reserved 2097152K, committed 260096K, used 157430K [0x0000000080000000, 0x0000000100000000)
  region size 1024K, 4 young (4096K), 4 survivors (4096K)
 Metaspace       used 80232K, committed 82304K, reserved 1179648K
  class space    used 11500K, committed 12480K, reserved 1048576K

Heap Regions: E=young(eden), S=young(survivor), O=old, HS=humongous(starts), HC=humongous(continues), CS=collection set, F=free, TAMS=top-at-mark-start, PB=parsable bottom
|   0|0x0000000080000000, 0x0000000080100000, 0x0000000080100000|100%| O|  |TAMS 0x0000000080000000| PB 0x0000000080000000| Untracked |  0
|   1|0x0000000080100000, 0x0000000080200000, 0x0000000080200000|100%| O|  |TAMS 0x0000000080100000| PB 0x0000000080100000| Untracked |  0
|   2|0x0000000080200000, 0x0000000080300000, 0x0000000080300000|100%| O|  |TAMS 0x0000000080200000| PB 0x0000000080200000| Untracked |  0
|   3|0x0000000080300000, 0x0000000080400000, 0x0000000080400000|100%| O|  |TAMS 0x0000000080300000| PB 0x0000000080300000| Untracked |  0
|   4|0x0000000080400000, 0x0000000080500000, 0x0000000080500000|100%|HS|  |TAMS 0x0000000080400000| PB 0x0000000080400000| Complete |  0
|   5|0x0000000080500000, 0x0000000080600000, 0x0000000080600000|100%|HC|  |TAMS 0x0000000080500000| PB 0x0000000080500000| Complete |  0
|   6|0x0000000080600000, 0x0000000080700000, 0x0000000080700000|100%|HC|  |TAMS 0x0000000080600000| PB 0x0000000080600000| Complete |  0
|   7|0x0000000080700000, 0x0000000080800000, 0x0000000080800000|100%|HC|  |TAMS 0x0000000080700000| PB 0x0000000080700000| Complete |  0
|   8|0x0000000080800000, 0x0000000080900000, 0x0000000080900000|100%| O|  |TAMS 0x0000000080800000| PB 0x0000000080800000| Untracked |  0
|   9|0x0000000080900000, 0x0000000080a00000, 0x0000000080a00000|100%| O|  |TAMS 0x0000000080900000| PB 0x0000000080900000| Untracked |  0
|  10|0x0000000080a00000, 0x0000000080b00000, 0x0000000080b00000|100%| O|  |TAMS 0x0000000080a00000| PB 0x0000000080a00000| Untracked |  0
|  11|0x0000000080b00000, 0x0000000080c00000, 0x0000000080c00000|100%| O|  |TAMS 0x0000000080b00000| PB 0x0000000080b00000| Untracked |  0
|  12|0x0000000080c00000, 0x0000000080d00000, 0x0000000080d00000|100%| O|  |TAMS 0x0000000080c00000| PB 0x0000000080c00000| Untracked |  0
|  13|0x0000000080d00000, 0x0000000080e00000, 0x0000000080e00000|100%| O|  |TAMS 0x0000000080d00000| PB 0x0000000080d00000| Untracked |  0
|  14|0x0000000080e00000, 0x0000000080f00000, 0x0000000080f00000|100%| O|  |TAMS 0x0000000080e00000| PB 0x0000000080e00000| Untracked |  0
|  15|0x0000000080f00000, 0x0000000081000000, 0x0000000081000000|100%| O|  |TAMS 0x0000000080f00000| PB 0x0000000080f00000| Untracked |  0
|  16|0x0000000081000000, 0x0000000081100000, 0x0000000081100000|100%| O|  |TAMS 0x0000000081000000| PB 0x0000000081000000| Untracked |  0
|  17|0x0000000081100000, 0x0000000081200000, 0x0000000081200000|100%| O|  |TAMS 0x0000000081100000| PB 0x0000000081100000| Untracked |  0
|  18|0x0000000081200000, 0x0000000081300000, 0x0000000081300000|100%| O|  |TAMS 0x0000000081200000| PB 0x0000000081200000| Untracked |  0
|  19|0x0000000081300000, 0x0000000081400000, 0x0000000081400000|100%| O|  |TAMS 0x0000000081300000| PB 0x0000000081300000| Untracked |  0
|  20|0x0000000081400000, 0x0000000081500000, 0x0000000081500000|100%| O|  |TAMS 0x0000000081400000| PB 0x0000000081400000| Untracked |  0
|  21|0x0000000081500000, 0x0000000081600000, 0x0000000081600000|100%| O|  |TAMS 0x0000000081500000| PB 0x0000000081500000| Untracked |  0
|  22|0x0000000081600000, 0x0000000081700000, 0x0000000081700000|100%|HS|  |TAMS 0x0000000081600000| PB 0x0000000081600000| Complete |  0
|  23|0x0000000081700000, 0x0000000081800000, 0x0000000081800000|100%|HC|  |TAMS 0x0000000081700000| PB 0x0000000081700000| Complete |  0
|  24|0x0000000081800000, 0x0000000081900000, 0x0000000081900000|100%|HS|  |TAMS 0x0000000081800000| PB 0x0000000081800000| Complete |  0
|  25|0x0000000081900000, 0x0000000081a00000, 0x0000000081a00000|100%|HC|  |TAMS 0x0000000081900000| PB 0x0000000081900000| Complete |  0
|  26|0x0000000081a00000, 0x0000000081b00000, 0x0000000081b00000|100%|HC|  |TAMS 0x0000000081a00000| PB 0x0000000081a00000| Complete |  0
|  27|0x0000000081b00000, 0x0000000081c00000, 0x0000000081c00000|100%|HS|  |TAMS 0x0000000081b00000| PB 0x0000000081b00000| Complete |  0
|  28|0x0000000081c00000, 0x0000000081d00000, 0x0000000081d00000|100%|HC|  |TAMS 0x0000000081c00000| PB 0x0000000081c00000| Complete |  0
|  29|0x0000000081d00000, 0x0000000081e00000, 0x0000000081e00000|100%|HC|  |TAMS 0x0000000081d00000| PB 0x0000000081d00000| Complete |  0
|  30|0x0000000081e00000, 0x0000000081f00000, 0x0000000081f00000|100%|HS|  |TAMS 0x0000000081e00000| PB 0x0000000081e00000| Complete |  0
|  31|0x0000000081f00000, 0x0000000082000000, 0x0000000082000000|100%|HC|  |TAMS 0x0000000081f00000| PB 0x0000000081f00000| Complete |  0
|  32|0x0000000082000000, 0x0000000082100000, 0x0000000082100000|100%|HC|  |TAMS 0x0000000082000000| PB 0x0000000082000000| Complete |  0
|  33|0x0000000082100000, 0x0000000082200000, 0x0000000082200000|100%|HC|  |TAMS 0x0000000082100000| PB 0x0000000082100000| Complete |  0
|  34|0x0000000082200000, 0x0000000082300000, 0x0000000082300000|100%|HC|  |TAMS 0x0000000082200000| PB 0x0000000082200000| Complete |  0
|  35|0x0000000082300000, 0x0000000082400000, 0x0000000082400000|100%|HC|  |TAMS 0x0000000082300000| PB 0x0000000082300000| Complete |  0
|  36|0x0000000082400000, 0x0000000082500000, 0x0000000082500000|100%|HC|  |TAMS 0x0000000082400000| PB 0x0000000082400000| Complete |  0
|  37|0x0000000082500000, 0x0000000082600000, 0x0000000082600000|100%|HC|  |TAMS 0x0000000082500000| PB 0x0000000082500000| Complete |  0
|  38|0x0000000082600000, 0x0000000082700000, 0x0000000082700000|100%|HC|  |TAMS 0x0000000082600000| PB 0x0000000082600000| Complete |  0
|  39|0x0000000082700000, 0x0000000082800000, 0x0000000082800000|100%|HC|  |TAMS 0x0000000082700000| PB 0x0000000082700000| Complete |  0
|  40|0x0000000082800000, 0x0000000082900000, 0x0000000082900000|100%|HC|  |TAMS 0x0000000082800000| PB 0x0000000082800000| Complete |  0
|  41|0x0000000082900000, 0x0000000082a00000, 0x0000000082a00000|100%|HC|  |TAMS 0x0000000082900000| PB 0x0000000082900000| Complete |  0
|  42|0x0000000082a00000, 0x0000000082b00000, 0x0000000082b00000|100%|HS|  |TAMS 0x0000000082a00000| PB 0x0000000082a00000| Complete |  0
|  43|0x0000000082b00000, 0x0000000082c00000, 0x0000000082c00000|100%|HC|  |TAMS 0x0000000082b00000| PB 0x0000000082b00000| Complete |  0
|  44|0x0000000082c00000, 0x0000000082d00000, 0x0000000082d00000|100%| O|  |TAMS 0x0000000082c00000| PB 0x0000000082c00000| Untracked |  0
|  45|0x0000000082d00000, 0x0000000082e00000, 0x0000000082e00000|100%| O|  |TAMS 0x0000000082d00000| PB 0x0000000082d00000| Untracked |  0
|  46|0x0000000082e00000, 0x0000000082f00000, 0x0000000082f00000|100%| O|  |TAMS 0x0000000082e00000| PB 0x0000000082e00000| Untracked |  0
|  47|0x0000000082f00000, 0x0000000083000000, 0x0000000083000000|100%| O|  |TAMS 0x0000000082f00000| PB 0x0000000082f00000| Untracked |  0
|  48|0x0000000083000000, 0x0000000083100000, 0x0000000083100000|100%| O|  |TAMS 0x0000000083000000| PB 0x0000000083000000| Untracked |  0
|  49|0x0000000083100000, 0x0000000083200000, 0x0000000083200000|100%| O|  |TAMS 0x0000000083100000| PB 0x0000000083100000| Untracked |  0
|  50|0x0000000083200000, 0x0000000083300000, 0x0000000083300000|100%| O|  |TAMS 0x0000000083200000| PB 0x0000000083200000| Untracked |  0
|  51|0x0000000083300000, 0x0000000083400000, 0x0000000083400000|100%| O|  |TAMS 0x0000000083300000| PB 0x0000000083300000| Untracked |  0
|  52|0x0000000083400000, 0x0000000083500000, 0x0000000083500000|100%| O|  |TAMS 0x0000000083400000| PB 0x0000000083400000| Untracked |  0
|  53|0x0000000083500000, 0x0000000083600000, 0x0000000083600000|100%|HS|  |TAMS 0x0000000083500000| PB 0x0000000083500000| Complete |  0
|  54|0x0000000083600000, 0x0000000083700000, 0x0000000083700000|100%|HC|  |TAMS 0x0000000083600000| PB 0x0000000083600000| Complete |  0
|  55|0x0000000083700000, 0x0000000083800000, 0x0000000083800000|100%|HC|  |TAMS 0x0000000083700000| PB 0x0000000083700000| Complete |  0
|  56|0x0000000083800000, 0x0000000083900000, 0x0000000083900000|100%| O|  |TAMS 0x0000000083800000| PB 0x0000000083800000| Untracked |  0
|  57|0x0000000083900000, 0x0000000083a00000, 0x0000000083a00000|100%| O|  |TAMS 0x0000000083900000| PB 0x0000000083900000| Untracked |  0
|  58|0x0000000083a00000, 0x0000000083b00000, 0x0000000083b00000|100%| O|  |TAMS 0x0000000083a00000| PB 0x0000000083a00000| Untracked |  0
|  59|0x0000000083b00000, 0x0000000083c00000, 0x0000000083c00000|100%|HS|  |TAMS 0x0000000083b00000| PB 0x0000000083b00000| Complete |  0
|  60|0x0000000083c00000, 0x0000000083d00000, 0x0000000083d00000|100%|HC|  |TAMS 0x0000000083c00000| PB 0x0000000083c00000| Complete |  0
|  61|0x0000000083d00000, 0x0000000083e00000, 0x0000000083e00000|100%|HC|  |TAMS 0x0000000083d00000| PB 0x0000000083d00000| Complete |  0
|  62|0x0000000083e00000, 0x0000000083f00000, 0x0000000083f00000|100%| O|  |TAMS 0x0000000083e00000| PB 0x0000000083e00000| Untracked |  0
|  63|0x0000000083f00000, 0x0000000084000000, 0x0000000084000000|100%| O|  |TAMS 0x0000000083f00000| PB 0x0000000083f00000| Untracked |  0
|  64|0x0000000084000000, 0x0000000084100000, 0x0000000084100000|100%|HS|  |TAMS 0x0000000084000000| PB 0x0000000084000000| Complete |  0
|  65|0x0000000084100000, 0x0000000084200000, 0x0000000084200000|100%|HS|  |TAMS 0x0000000084100000| PB 0x0000000084100000| Complete |  0
|  66|0x0000000084200000, 0x0000000084300000, 0x0000000084300000|100%|HS|  |TAMS 0x0000000084200000| PB 0x0000000084200000| Complete |  0
|  67|0x0000000084300000, 0x0000000084400000, 0x0000000084400000|100%| O|  |TAMS 0x0000000084300000| PB 0x0000000084300000| Untracked |  0
|  68|0x0000000084400000, 0x0000000084500000, 0x0000000084500000|100%| O|  |TAMS 0x0000000084400000| PB 0x0000000084400000| Untracked |  0
|  69|0x0000000084500000, 0x0000000084600000, 0x0000000084600000|100%| O|  |TAMS 0x0000000084500000| PB 0x0000000084500000| Untracked |  0
|  70|0x0000000084600000, 0x0000000084700000, 0x0000000084700000|100%| O|  |TAMS 0x0000000084600000| PB 0x0000000084600000| Untracked |  0
|  71|0x0000000084700000, 0x0000000084800000, 0x0000000084800000|100%| O|  |TAMS 0x0000000084700000| PB 0x0000000084700000| Untracked |  0
|  72|0x0000000084800000, 0x0000000084900000, 0x0000000084900000|100%| O|  |TAMS 0x0000000084800000| PB 0x0000000084800000| Untracked |  0
|  73|0x0000000084900000, 0x0000000084a00000, 0x0000000084a00000|100%| O|  |TAMS 0x0000000084900000| PB 0x0000000084900000| Untracked |  0
|  74|0x0000000084a00000, 0x0000000084b00000, 0x0000000084b00000|100%| O|  |TAMS 0x0000000084a00000| PB 0x0000000084a00000| Untracked |  0
|  75|0x0000000084b00000, 0x0000000084c00000, 0x0000000084c00000|100%| O|  |TAMS 0x0000000084b00000| PB 0x0000000084b00000| Untracked |  0
|  76|0x0000000084c00000, 0x0000000084d00000, 0x0000000084d00000|100%| O|  |TAMS 0x0000000084c00000| PB 0x0000000084c00000| Untracked |  0
|  77|0x0000000084d00000, 0x0000000084e00000, 0x0000000084e00000|100%| O|  |TAMS 0x0000000084d00000| PB 0x0000000084d00000| Untracked |  0
|  78|0x0000000084e00000, 0x0000000084f00000, 0x0000000084f00000|100%| O|  |TAMS 0x0000000084e00000| PB 0x0000000084e00000| Untracked |  0
|  79|0x0000000084f00000, 0x0000000085000000, 0x0000000085000000|100%| O|  |TAMS 0x0000000084f00000| PB 0x0000000084f00000| Untracked |  0
|  80|0x0000000085000000, 0x0000000085100000, 0x0000000085100000|100%| O|  |TAMS 0x0000000085000000| PB 0x0000000085000000| Untracked |  0
|  81|0x0000000085100000, 0x0000000085200000, 0x0000000085200000|100%| O|  |TAMS 0x0000000085100000| PB 0x0000000085100000| Untracked |  0
|  82|0x0000000085200000, 0x0000000085300000, 0x0000000085300000|100%| O|  |TAMS 0x0000000085200000| PB 0x0000000085200000| Untracked |  0
|  83|0x0000000085300000, 0x0000000085400000, 0x0000000085400000|100%| O|  |TAMS 0x0000000085300000| PB 0x0000000085300000| Untracked |  0
|  84|0x0000000085400000, 0x0000000085500000, 0x0000000085500000|100%| O|  |TAMS 0x0000000085400000| PB 0x0000000085400000| Untracked |  0
|  85|0x0000000085500000, 0x0000000085600000, 0x0000000085600000|100%| O|  |TAMS 0x0000000085500000| PB 0x0000000085500000| Untracked |  0
|  86|0x0000000085600000, 0x0000000085700000, 0x0000000085700000|100%| O|  |TAMS 0x0000000085600000| PB 0x0000000085600000| Untracked |  0
|  87|0x0000000085700000, 0x0000000085800000, 0x0000000085800000|100%| O|  |TAMS 0x0000000085700000| PB 0x0000000085700000| Untracked |  0
|  88|0x0000000085800000, 0x0000000085900000, 0x0000000085900000|100%| O|  |TAMS 0x0000000085800000| PB 0x0000000085800000| Untracked |  0
|  89|0x0000000085900000, 0x0000000085a00000, 0x0000000085a00000|100%| O|  |TAMS 0x0000000085900000| PB 0x0000000085900000| Untracked |  0
|  90|0x0000000085a00000, 0x0000000085b00000, 0x0000000085b00000|100%| O|  |TAMS 0x0000000085a00000| PB 0x0000000085a00000| Untracked |  0
|  91|0x0000000085b00000, 0x0000000085c00000, 0x0000000085c00000|100%| O|  |TAMS 0x0000000085b00000| PB 0x0000000085b00000| Untracked |  0
|  92|0x0000000085c00000, 0x0000000085d00000, 0x0000000085d00000|100%|HS|  |TAMS 0x0000000085c00000| PB 0x0000000085c00000| Complete |  0
|  93|0x0000000085d00000, 0x0000000085e00000, 0x0000000085e00000|100%|HC|  |TAMS 0x0000000085d00000| PB 0x0000000085d00000| Complete |  0
|  94|0x0000000085e00000, 0x0000000085f00000, 0x0000000085f00000|100%|HS|  |TAMS 0x0000000085e00000| PB 0x0000000085e00000| Complete |  0
|  95|0x0000000085f00000, 0x0000000086000000, 0x0000000086000000|100%|HC|  |TAMS 0x0000000085f00000| PB 0x0000000085f00000| Complete |  0
|  96|0x0000000086000000, 0x0000000086100000, 0x0000000086100000|100%|HC|  |TAMS 0x0000000086000000| PB 0x0000000086000000| Complete |  0
|  97|0x0000000086100000, 0x0000000086200000, 0x0000000086200000|100%|HS|  |TAMS 0x0000000086100000| PB 0x0000000086100000| Complete |  0
|  98|0x0000000086200000, 0x0000000086300000, 0x0000000086300000|100%|HC|  |TAMS 0x0000000086200000| PB 0x0000000086200000| Complete |  0
|  99|0x0000000086300000, 0x0000000086400000, 0x0000000086400000|100%|HC|  |TAMS 0x0000000086300000| PB 0x0000000086300000| Complete |  0
| 100|0x0000000086400000, 0x0000000086500000, 0x0000000086500000|100%|HS|  |TAMS 0x0000000086400000| PB 0x0000000086400000| Complete |  0
| 101|0x0000000086500000, 0x0000000086600000, 0x0000000086600000|100%|HC|  |TAMS 0x0000000086500000| PB 0x0000000086500000| Complete |  0
| 102|0x0000000086600000, 0x0000000086700000, 0x0000000086700000|100%|HC|  |TAMS 0x0000000086600000| PB 0x0000000086600000| Complete |  0
| 103|0x0000000086700000, 0x0000000086800000, 0x0000000086800000|100%|HC|  |TAMS 0x0000000086700000| PB 0x0000000086700000| Complete |  0
| 104|0x0000000086800000, 0x0000000086900000, 0x0000000086900000|100%|HC|  |TAMS 0x0000000086800000| PB 0x0000000086800000| Complete |  0
| 105|0x0000000086900000, 0x0000000086a00000, 0x0000000086a00000|100%|HC|  |TAMS 0x0000000086900000| PB 0x0000000086900000| Complete |  0
| 106|0x0000000086a00000, 0x0000000086b00000, 0x0000000086b00000|100%|HC|  |TAMS 0x0000000086a00000| PB 0x0000000086a00000| Complete |  0
| 107|0x0000000086b00000, 0x0000000086c00000, 0x0000000086c00000|100%|HC|  |TAMS 0x0000000086b00000| PB 0x0000000086b00000| Complete |  0
| 108|0x0000000086c00000, 0x0000000086d00000, 0x0000000086d00000|100%|HC|  |TAMS 0x0000000086c00000| PB 0x0000000086c00000| Complete |  0
| 109|0x0000000086d00000, 0x0000000086e00000, 0x0000000086e00000|100%|HC|  |TAMS 0x0000000086d00000| PB 0x0000000086d00000| Complete |  0
| 110|0x0000000086e00000, 0x0000000086f00000, 0x0000000086f00000|100%|HC|  |TAMS 0x0000000086e00000| PB 0x0000000086e00000| Complete |  0
| 111|0x0000000086f00000, 0x0000000087000000, 0x0000000087000000|100%|HC|  |TAMS 0x0000000086f00000| PB 0x0000000086f00000| Complete |  0
| 112|0x0000000087000000, 0x0000000087100000, 0x0000000087100000|100%|HS|  |TAMS 0x0000000087000000| PB 0x0000000087000000| Complete |  0
| 113|0x0000000087100000, 0x0000000087200000, 0x0000000087200000|100%|HC|  |TAMS 0x0000000087100000| PB 0x0000000087100000| Complete |  0
| 114|0x0000000087200000, 0x0000000087300000, 0x0000000087300000|100%| O|  |TAMS 0x0000000087200000| PB 0x0000000087200000| Untracked |  0
| 115|0x0000000087300000, 0x0000000087400000, 0x0000000087400000|100%| O|  |TAMS 0x0000000087300000| PB 0x0000000087300000| Untracked |  0
| 116|0x0000000087400000, 0x0000000087500000, 0x0000000087500000|100%| O|  |TAMS 0x0000000087400000| PB 0x0000000087400000| Untracked |  0
| 117|0x0000000087500000, 0x0000000087600000, 0x0000000087600000|100%| O|  |TAMS 0x0000000087500000| PB 0x0000000087500000| Untracked |  0
| 118|0x0000000087600000, 0x0000000087700000, 0x0000000087700000|100%| O|  |TAMS 0x0000000087600000| PB 0x0000000087600000| Untracked |  0
| 119|0x0000000087700000, 0x0000000087800000, 0x0000000087800000|100%| O|  |TAMS 0x0000000087700000| PB 0x0000000087700000| Untracked |  0
| 120|0x0000000087800000, 0x0000000087900000, 0x0000000087900000|100%| O|  |TAMS 0x0000000087800000| PB 0x0000000087800000| Untracked |  0
| 121|0x0000000087900000, 0x0000000087a00000, 0x0000000087a00000|100%| O|  |TAMS 0x0000000087900000| PB 0x0000000087900000| Untracked |  0
| 122|0x0000000087a00000, 0x0000000087b00000, 0x0000000087b00000|100%| O|  |TAMS 0x0000000087a00000| PB 0x0000000087a00000| Untracked |  0
| 123|0x0000000087b00000, 0x0000000087c00000, 0x0000000087c00000|100%| O|  |TAMS 0x0000000087b00000| PB 0x0000000087b00000| Untracked |  0
| 124|0x0000000087c00000, 0x0000000087d00000, 0x0000000087d00000|100%| O|  |TAMS 0x0000000087c00000| PB 0x0000000087c00000| Untracked |  0
| 125|0x0000000087d00000, 0x0000000087e00000, 0x0000000087e00000|100%| O|  |TAMS 0x0000000087d00000| PB 0x0000000087d00000| Untracked |  0
| 126|0x0000000087e00000, 0x0000000087f00000, 0x0000000087f00000|100%| O|  |TAMS 0x0000000087e00000| PB 0x0000000087e00000| Untracked |  0
| 127|0x0000000087f00000, 0x0000000088000000, 0x0000000088000000|100%| O|  |TAMS 0x0000000087f00000| PB 0x0000000087f00000| Untracked |  0
| 128|0x0000000088000000, 0x0000000088100000, 0x0000000088100000|100%| O|  |TAMS 0x0000000088000000| PB 0x0000000088000000| Untracked |  0
| 129|0x0000000088100000, 0x0000000088200000, 0x0000000088200000|100%| O|  |TAMS 0x0000000088100000| PB 0x0000000088100000| Untracked |  0
| 130|0x0000000088200000, 0x0000000088300000, 0x0000000088300000|100%| O|  |TAMS 0x0000000088200000| PB 0x0000000088200000| Untracked |  0
| 131|0x0000000088300000, 0x0000000088400000, 0x0000000088400000|100%| O|  |TAMS 0x0000000088300000| PB 0x0000000088300000| Untracked |  0
| 132|0x0000000088400000, 0x0000000088500000, 0x0000000088500000|100%| O|  |TAMS 0x0000000088400000| PB 0x0000000088400000| Untracked |  0
| 133|0x0000000088500000, 0x0000000088600000, 0x0000000088600000|100%| O|Cm|TAMS 0x0000000088500000| PB 0x0000000088500000| Complete |  0
| 134|0x0000000088600000, 0x0000000088700000, 0x0000000088700000|100%| O|  |TAMS 0x0000000088600000| PB 0x0000000088600000| Untracked |  0
| 135|0x0000000088700000, 0x0000000088800000, 0x0000000088800000|100%| O|  |TAMS 0x0000000088700000| PB 0x0000000088700000| Untracked |  0
| 136|0x0000000088800000, 0x0000000088900000, 0x0000000088900000|100%| O|Cm|TAMS 0x0000000088800000| PB 0x0000000088800000| Complete |  0
| 137|0x0000000088900000, 0x0000000088a00000, 0x0000000088a00000|100%| O|  |TAMS 0x0000000088900000| PB 0x0000000088900000| Untracked |  0
| 138|0x0000000088a00000, 0x0000000088b00000, 0x0000000088b00000|100%| O|  |TAMS 0x0000000088a00000| PB 0x0000000088a00000| Untracked |  0
| 139|0x0000000088b00000, 0x0000000088b00000, 0x0000000088c00000|  0%| F|  |TAMS 0x0000000088b00000| PB 0x0000000088b00000| Untracked |  0
| 140|0x0000000088c00000, 0x0000000088d00000, 0x0000000088d00000|100%| O|  |TAMS 0x0000000088c00000| PB 0x0000000088c00000| Untracked |  0
| 141|0x0000000088d00000, 0x0000000088e00000, 0x0000000088e00000|100%| O|  |TAMS 0x0000000088d00000| PB 0x0000000088d00000| Untracked |  0
| 142|0x0000000088e00000, 0x0000000088f00000, 0x0000000088f00000|100%| O|  |TAMS 0x0000000088e00000| PB 0x0000000088e00000| Untracked |  0
| 143|0x0000000088f00000, 0x0000000089000000, 0x0000000089000000|100%| O|  |TAMS 0x0000000088f00000| PB 0x0000000088f00000| Untracked |  0
| 144|0x0000000089000000, 0x0000000089100000, 0x0000000089100000|100%| O|  |TAMS 0x0000000089000000| PB 0x0000000089000000| Untracked |  0
| 145|0x0000000089100000, 0x0000000089200000, 0x0000000089200000|100%| O|  |TAMS 0x0000000089100000| PB 0x0000000089100000| Untracked |  0
| 146|0x0000000089200000, 0x0000000089200000, 0x0000000089300000|  0%| F|  |TAMS 0x0000000089200000| PB 0x0000000089200000| Untracked |  0
| 147|0x0000000089300000, 0x0000000089300000, 0x0000000089400000|  0%| F|  |TAMS 0x0000000089300000| PB 0x0000000089300000| Untracked |  0
| 148|0x0000000089400000, 0x0000000089400000, 0x0000000089500000|  0%| F|  |TAMS 0x0000000089400000| PB 0x0000000089400000| Untracked |  0
| 149|0x0000000089500000, 0x0000000089500000, 0x0000000089600000|  0%| F|  |TAMS 0x0000000089500000| PB 0x0000000089500000| Untracked |  0
| 150|0x0000000089600000, 0x0000000089600000, 0x0000000089700000|  0%| F|  |TAMS 0x0000000089600000| PB 0x0000000089600000| Untracked |  0
| 151|0x0000000089700000, 0x0000000089700000, 0x0000000089800000|  0%| F|  |TAMS 0x0000000089700000| PB 0x0000000089700000| Untracked |  0
| 152|0x0000000089800000, 0x0000000089800000, 0x0000000089900000|  0%| F|  |TAMS 0x0000000089800000| PB 0x0000000089800000| Untracked |  0
| 153|0x0000000089900000, 0x0000000089900000, 0x0000000089a00000|  0%| F|  |TAMS 0x0000000089900000| PB 0x0000000089900000| Untracked |  0
| 154|0x0000000089a00000, 0x0000000089a00000, 0x0000000089b00000|  0%| F|  |TAMS 0x0000000089a00000| PB 0x0000000089a00000| Untracked |  0
| 155|0x0000000089b00000, 0x0000000089b00000, 0x0000000089c00000|  0%| F|  |TAMS 0x0000000089b00000| PB 0x0000000089b00000| Untracked |  0
| 156|0x0000000089c00000, 0x0000000089c00000, 0x0000000089d00000|  0%| F|  |TAMS 0x0000000089c00000| PB 0x0000000089c00000| Untracked |  0
| 157|0x0000000089d00000, 0x0000000089d00000, 0x0000000089e00000|  0%| F|  |TAMS 0x0000000089d00000| PB 0x0000000089d00000| Untracked |  0
| 158|0x0000000089e00000, 0x0000000089e00000, 0x0000000089f00000|  0%| F|  |TAMS 0x0000000089e00000| PB 0x0000000089e00000| Untracked |  0
| 159|0x0000000089f00000, 0x0000000089f00000, 0x000000008a000000|  0%| F|  |TAMS 0x0000000089f00000| PB 0x0000000089f00000| Untracked |  0
| 160|0x000000008a000000, 0x000000008a000000, 0x000000008a100000|  0%| F|  |TAMS 0x000000008a000000| PB 0x000000008a000000| Untracked |  0
| 161|0x000000008a100000, 0x000000008a100000, 0x000000008a200000|  0%| F|  |TAMS 0x000000008a100000| PB 0x000000008a100000| Untracked |  0
| 162|0x000000008a200000, 0x000000008a200000, 0x000000008a300000|  0%| F|  |TAMS 0x000000008a200000| PB 0x000000008a200000| Untracked |  0
| 163|0x000000008a300000, 0x000000008a300000, 0x000000008a400000|  0%| F|  |TAMS 0x000000008a300000| PB 0x000000008a300000| Untracked |  0
| 164|0x000000008a400000, 0x000000008a400000, 0x000000008a500000|  0%| F|  |TAMS 0x000000008a400000| PB 0x000000008a400000| Untracked |  0
| 165|0x000000008a500000, 0x000000008a500000, 0x000000008a600000|  0%| F|  |TAMS 0x000000008a500000| PB 0x000000008a500000| Untracked |  0
| 166|0x000000008a600000, 0x000000008a600000, 0x000000008a700000|  0%| F|  |TAMS 0x000000008a600000| PB 0x000000008a600000| Untracked |  0
| 167|0x000000008a700000, 0x000000008a700000, 0x000000008a800000|  0%| F|  |TAMS 0x000000008a700000| PB 0x000000008a700000| Untracked |  0
| 168|0x000000008a800000, 0x000000008a800000, 0x000000008a900000|  0%| F|  |TAMS 0x000000008a800000| PB 0x000000008a800000| Untracked |  0
| 169|0x000000008a900000, 0x000000008a900000, 0x000000008aa00000|  0%| F|  |TAMS 0x000000008a900000| PB 0x000000008a900000| Untracked |  0
| 170|0x000000008aa00000, 0x000000008aa00000, 0x000000008ab00000|  0%| F|  |TAMS 0x000000008aa00000| PB 0x000000008aa00000| Untracked |  0
| 171|0x000000008ab00000, 0x000000008ab00000, 0x000000008ac00000|  0%| F|  |TAMS 0x000000008ab00000| PB 0x000000008ab00000| Untracked |  0
| 172|0x000000008ac00000, 0x000000008ac00000, 0x000000008ad00000|  0%| F|  |TAMS 0x000000008ac00000| PB 0x000000008ac00000| Untracked |  0
| 173|0x000000008ad00000, 0x000000008ad00000, 0x000000008ae00000|  0%| F|  |TAMS 0x000000008ad00000| PB 0x000000008ad00000| Untracked |  0
| 174|0x000000008ae00000, 0x000000008ae00000, 0x000000008af00000|  0%| F|  |TAMS 0x000000008ae00000| PB 0x000000008ae00000| Untracked |  0
| 175|0x000000008af00000, 0x000000008af00000, 0x000000008b000000|  0%| F|  |TAMS 0x000000008af00000| PB 0x000000008af00000| Untracked |  0
| 176|0x000000008b000000, 0x000000008b000000, 0x000000008b100000|  0%| F|  |TAMS 0x000000008b000000| PB 0x000000008b000000| Untracked |  0
| 177|0x000000008b100000, 0x000000008b100000, 0x000000008b200000|  0%| F|  |TAMS 0x000000008b100000| PB 0x000000008b100000| Untracked |  0
| 178|0x000000008b200000, 0x000000008b200000, 0x000000008b300000|  0%| F|  |TAMS 0x000000008b200000| PB 0x000000008b200000| Untracked |  0
| 179|0x000000008b300000, 0x000000008b300000, 0x000000008b400000|  0%| F|  |TAMS 0x000000008b300000| PB 0x000000008b300000| Untracked |  0
| 180|0x000000008b400000, 0x000000008b400000, 0x000000008b500000|  0%| F|  |TAMS 0x000000008b400000| PB 0x000000008b400000| Untracked |  0
| 181|0x000000008b500000, 0x000000008b500000, 0x000000008b600000|  0%| F|  |TAMS 0x000000008b500000| PB 0x000000008b500000| Untracked |  0
| 182|0x000000008b600000, 0x000000008b600000, 0x000000008b700000|  0%| F|  |TAMS 0x000000008b600000| PB 0x000000008b600000| Untracked |  0
| 183|0x000000008b700000, 0x000000008b700000, 0x000000008b800000|  0%| F|  |TAMS 0x000000008b700000| PB 0x000000008b700000| Untracked |  0
| 184|0x000000008b800000, 0x000000008b800000, 0x000000008b900000|  0%| F|  |TAMS 0x000000008b800000| PB 0x000000008b800000| Untracked |  0
| 185|0x000000008b900000, 0x000000008b900000, 0x000000008ba00000|  0%| F|  |TAMS 0x000000008b900000| PB 0x000000008b900000| Untracked |  0
| 186|0x000000008ba00000, 0x000000008ba00000, 0x000000008bb00000|  0%| F|  |TAMS 0x000000008ba00000| PB 0x000000008ba00000| Untracked |  0
| 187|0x000000008bb00000, 0x000000008bb00000, 0x000000008bc00000|  0%| F|  |TAMS 0x000000008bb00000| PB 0x000000008bb00000| Untracked |  0
| 188|0x000000008bc00000, 0x000000008bc00000, 0x000000008bd00000|  0%| F|  |TAMS 0x000000008bc00000| PB 0x000000008bc00000| Untracked |  0
| 189|0x000000008bd00000, 0x000000008bd00000, 0x000000008be00000|  0%| F|  |TAMS 0x000000008bd00000| PB 0x000000008bd00000| Untracked |  0
| 190|0x000000008be00000, 0x000000008be00000, 0x000000008bf00000|  0%| F|  |TAMS 0x000000008be00000| PB 0x000000008be00000| Untracked |  0
| 191|0x000000008bf00000, 0x000000008bf00000, 0x000000008c000000|  0%| F|  |TAMS 0x000000008bf00000| PB 0x000000008bf00000| Untracked |  0
| 192|0x000000008c000000, 0x000000008c000000, 0x000000008c100000|  0%| F|  |TAMS 0x000000008c000000| PB 0x000000008c000000| Untracked |  0
| 193|0x000000008c100000, 0x000000008c100000, 0x000000008c200000|  0%| F|  |TAMS 0x000000008c100000| PB 0x000000008c100000| Untracked |  0
| 194|0x000000008c200000, 0x000000008c200000, 0x000000008c300000|  0%| F|  |TAMS 0x000000008c200000| PB 0x000000008c200000| Untracked |  0
| 195|0x000000008c300000, 0x000000008c300000, 0x000000008c400000|  0%| F|  |TAMS 0x000000008c300000| PB 0x000000008c300000| Untracked |  0
| 196|0x000000008c400000, 0x000000008c400000, 0x000000008c500000|  0%| F|  |TAMS 0x000000008c400000| PB 0x000000008c400000| Untracked |  0
| 197|0x000000008c500000, 0x000000008c500000, 0x000000008c600000|  0%| F|  |TAMS 0x000000008c500000| PB 0x000000008c500000| Untracked |  0
| 198|0x000000008c600000, 0x000000008c600000, 0x000000008c700000|  0%| F|  |TAMS 0x000000008c600000| PB 0x000000008c600000| Untracked |  0
| 199|0x000000008c700000, 0x000000008c700000, 0x000000008c800000|  0%| F|  |TAMS 0x000000008c700000| PB 0x000000008c700000| Untracked |  0
| 200|0x000000008c800000, 0x000000008c800000, 0x000000008c900000|  0%| F|  |TAMS 0x000000008c800000| PB 0x000000008c800000| Untracked |  0
| 201|0x000000008c900000, 0x000000008c900000, 0x000000008ca00000|  0%| F|  |TAMS 0x000000008c900000| PB 0x000000008c900000| Untracked |  0
| 202|0x000000008ca00000, 0x000000008ca00000, 0x000000008cb00000|  0%| F|  |TAMS 0x000000008ca00000| PB 0x000000008ca00000| Untracked |  0
| 203|0x000000008cb00000, 0x000000008cb00000, 0x000000008cc00000|  0%| F|  |TAMS 0x000000008cb00000| PB 0x000000008cb00000| Untracked |  0
| 204|0x000000008cc00000, 0x000000008cc00000, 0x000000008cd00000|  0%| F|  |TAMS 0x000000008cc00000| PB 0x000000008cc00000| Untracked |  0
| 205|0x000000008cd00000, 0x000000008cd00000, 0x000000008ce00000|  0%| F|  |TAMS 0x000000008cd00000| PB 0x000000008cd00000| Untracked |  0
| 206|0x000000008ce00000, 0x000000008ce00000, 0x000000008cf00000|  0%| F|  |TAMS 0x000000008ce00000| PB 0x000000008ce00000| Untracked |  0
| 207|0x000000008cf00000, 0x000000008cf00000, 0x000000008d000000|  0%| F|  |TAMS 0x000000008cf00000| PB 0x000000008cf00000| Untracked |  0
| 208|0x000000008d000000, 0x000000008d000000, 0x000000008d100000|  0%| F|  |TAMS 0x000000008d000000| PB 0x000000008d000000| Untracked |  0
| 209|0x000000008d100000, 0x000000008d100000, 0x000000008d200000|  0%| F|  |TAMS 0x000000008d100000| PB 0x000000008d100000| Untracked |  0
| 210|0x000000008d200000, 0x000000008d200000, 0x000000008d300000|  0%| F|  |TAMS 0x000000008d200000| PB 0x000000008d200000| Untracked |  0
| 211|0x000000008d300000, 0x000000008d300000, 0x000000008d400000|  0%| F|  |TAMS 0x000000008d300000| PB 0x000000008d300000| Untracked |  0
| 212|0x000000008d400000, 0x000000008d400000, 0x000000008d500000|  0%| F|  |TAMS 0x000000008d400000| PB 0x000000008d400000| Untracked |  0
| 213|0x000000008d500000, 0x000000008d5bd880, 0x000000008d600000| 74%| S|CS|TAMS 0x000000008d500000| PB 0x000000008d500000| Complete |  0
| 214|0x000000008d600000, 0x000000008d700000, 0x000000008d700000|100%| S|CS|TAMS 0x000000008d600000| PB 0x000000008d600000| Complete |  0
| 215|0x000000008d700000, 0x000000008d700000, 0x000000008d800000|  0%| F|  |TAMS 0x000000008d700000| PB 0x000000008d700000| Untracked |  0
| 216|0x000000008d800000, 0x000000008d800000, 0x000000008d900000|  0%| F|  |TAMS 0x000000008d800000| PB 0x000000008d800000| Untracked |  0
| 217|0x000000008d900000, 0x000000008d900000, 0x000000008da00000|  0%| F|  |TAMS 0x000000008d900000| PB 0x000000008d900000| Untracked |  0
| 218|0x000000008da00000, 0x000000008da00000, 0x000000008db00000|  0%| F|  |TAMS 0x000000008da00000| PB 0x000000008da00000| Untracked |  0
| 219|0x000000008db00000, 0x000000008dc00000, 0x000000008dc00000|100%| S|CS|TAMS 0x000000008db00000| PB 0x000000008db00000| Complete |  0
| 220|0x000000008dc00000, 0x000000008dd00000, 0x000000008dd00000|100%| S|CS|TAMS 0x000000008dc00000| PB 0x000000008dc00000| Complete |  0
| 221|0x000000008dd00000, 0x000000008dd00000, 0x000000008de00000|  0%| F|  |TAMS 0x000000008dd00000| PB 0x000000008dd00000| Untracked |  0
| 222|0x000000008de00000, 0x000000008de00000, 0x000000008df00000|  0%| F|  |TAMS 0x000000008de00000| PB 0x000000008de00000| Untracked |  0
| 223|0x000000008df00000, 0x000000008df00000, 0x000000008e000000|  0%| F|  |TAMS 0x000000008df00000| PB 0x000000008df00000| Untracked |  0
| 224|0x000000008e000000, 0x000000008e000000, 0x000000008e100000|  0%| F|  |TAMS 0x000000008e000000| PB 0x000000008e000000| Untracked |  0
| 225|0x000000008e100000, 0x000000008e100000, 0x000000008e200000|  0%| F|  |TAMS 0x000000008e100000| PB 0x000000008e100000| Untracked |  0
| 226|0x000000008e200000, 0x000000008e200000, 0x000000008e300000|  0%| F|  |TAMS 0x000000008e200000| PB 0x000000008e200000| Untracked |  0
| 227|0x000000008e300000, 0x000000008e300000, 0x000000008e400000|  0%| F|  |TAMS 0x000000008e300000| PB 0x000000008e300000| Untracked |  0
| 228|0x000000008e400000, 0x000000008e400000, 0x000000008e500000|  0%| F|  |TAMS 0x000000008e400000| PB 0x000000008e400000| Untracked |  0
| 229|0x000000008e500000, 0x000000008e500000, 0x000000008e600000|  0%| F|  |TAMS 0x000000008e500000| PB 0x000000008e500000| Untracked |  0
| 230|0x000000008e600000, 0x000000008e600000, 0x000000008e700000|  0%| F|  |TAMS 0x000000008e600000| PB 0x000000008e600000| Untracked |  0
| 231|0x000000008e700000, 0x000000008e700000, 0x000000008e800000|  0%| F|  |TAMS 0x000000008e700000| PB 0x000000008e700000| Untracked |  0
| 232|0x000000008e800000, 0x000000008e800000, 0x000000008e900000|  0%| F|  |TAMS 0x000000008e800000| PB 0x000000008e800000| Untracked |  0
| 233|0x000000008e900000, 0x000000008e900000, 0x000000008ea00000|  0%| F|  |TAMS 0x000000008e900000| PB 0x000000008e900000| Untracked |  0
| 234|0x000000008ea00000, 0x000000008ea00000, 0x000000008eb00000|  0%| F|  |TAMS 0x000000008ea00000| PB 0x000000008ea00000| Untracked |  0
| 235|0x000000008eb00000, 0x000000008eb00000, 0x000000008ec00000|  0%| F|  |TAMS 0x000000008eb00000| PB 0x000000008eb00000| Untracked |  0
| 236|0x000000008ec00000, 0x000000008ec00000, 0x000000008ed00000|  0%| F|  |TAMS 0x000000008ec00000| PB 0x000000008ec00000| Untracked |  0
| 237|0x000000008ed00000, 0x000000008ed00000, 0x000000008ee00000|  0%| F|  |TAMS 0x000000008ed00000| PB 0x000000008ed00000| Untracked |  0
| 238|0x000000008ee00000, 0x000000008ee00000, 0x000000008ef00000|  0%| F|  |TAMS 0x000000008ee00000| PB 0x000000008ee00000| Untracked |  0
| 239|0x000000008ef00000, 0x000000008ef00000, 0x000000008f000000|  0%| F|  |TAMS 0x000000008ef00000| PB 0x000000008ef00000| Untracked |  0
| 240|0x000000008f000000, 0x000000008f000000, 0x000000008f100000|  0%| F|  |TAMS 0x000000008f000000| PB 0x000000008f000000| Untracked |  0
| 241|0x000000008f100000, 0x000000008f100000, 0x000000008f200000|  0%| F|  |TAMS 0x000000008f100000| PB 0x000000008f100000| Untracked |  0
| 242|0x000000008f200000, 0x000000008f200000, 0x000000008f300000|  0%| F|  |TAMS 0x000000008f200000| PB 0x000000008f200000| Untracked |  0
| 243|0x000000008f300000, 0x000000008f300000, 0x000000008f400000|  0%| F|  |TAMS 0x000000008f300000| PB 0x000000008f300000| Untracked |  0
| 244|0x000000008f400000, 0x000000008f400000, 0x000000008f500000|  0%| F|  |TAMS 0x000000008f400000| PB 0x000000008f400000| Untracked |  0
| 245|0x000000008f500000, 0x000000008f500000, 0x000000008f600000|  0%| F|  |TAMS 0x000000008f500000| PB 0x000000008f500000| Untracked |  0
| 246|0x000000008f600000, 0x000000008f600000, 0x000000008f700000|  0%| F|  |TAMS 0x000000008f600000| PB 0x000000008f600000| Untracked |  0
|2041|0x00000000ff900000, 0x00000000ffa00000, 0x00000000ffa00000|100%| O|  |TAMS 0x00000000ff900000| PB 0x00000000ff900000| Untracked |  0
|2042|0x00000000ffa00000, 0x00000000ffb00000, 0x00000000ffb00000|100%| O|  |TAMS 0x00000000ffa00000| PB 0x00000000ffa00000| Untracked |  0
|2043|0x00000000ffb00000, 0x00000000ffc00000, 0x00000000ffc00000|100%| O|  |TAMS 0x00000000ffb00000| PB 0x00000000ffb00000| Untracked |  0
|2044|0x00000000ffc00000, 0x00000000ffd00000, 0x00000000ffd00000|100%| O|  |TAMS 0x00000000ffc00000| PB 0x00000000ffc00000| Untracked |  0
|2045|0x00000000ffd00000, 0x00000000ffd00000, 0x00000000ffe00000|  0%| F|  |TAMS 0x00000000ffd00000| PB 0x00000000ffd00000| Untracked |  0
|2046|0x00000000ffe00000, 0x00000000ffe00000, 0x00000000fff00000|  0%| F|  |TAMS 0x00000000ffe00000| PB 0x00000000ffe00000| Untracked |  0
|2047|0x00000000fff00000, 0x0000000100000000, 0x0000000100000000|100%| O|  |TAMS 0x00000000fff00000| PB 0x00000000fff00000| Untracked |  0

Card table byte_map: [0x000000001a360000,0x000000001a760000] _byte_map_base: 0x0000000019f60000

Marking Bits: (CMBitMap*) 0x0000000002c83ad0
 Bits: [0x000000001a760000, 0x000000001c760000)

Polling page: 0x0000000000560000

Metaspace:

Usage:
  Non-class:     67.12 MB used.
      Class:     11.23 MB used.
       Both:     78.35 MB used.

Virtual space:
  Non-class space:      128.00 MB reserved,      68.19 MB ( 53%) committed,  2 nodes.
      Class space:        1.00 GB reserved,      12.19 MB (  1%) committed,  1 nodes.
             Both:        1.12 GB reserved,      80.38 MB (  7%) committed. 

Chunk freelists:
   Non-Class:  11.47 MB
       Class:  3.86 MB
        Both:  15.33 MB

MaxMetaspaceSize: unlimited
CompressedClassSpaceSize: 1.00 GB
Initial GC threshold: 21.00 MB
Current GC threshold: 134.00 MB
CDS: on
 - commit_granule_bytes: 65536.
 - commit_granule_words: 8192.
 - virtual_space_node_default_size: 8388608.
 - enlarge_chunks_in_place: 1.
 - use_allocation_guard: 0.


Internal statistics:

num_allocs_failed_limit: 3.
num_arena_births: 3454.
num_arena_deaths: 0.
num_vsnodes_births: 3.
num_vsnodes_deaths: 0.
num_space_committed: 1286.
num_space_uncommitted: 0.
num_chunks_returned_to_freelist: 3.
num_chunks_taken_from_freelist: 6772.
num_chunk_merges: 3.
num_chunk_splits: 4548.
num_chunks_enlarged: 3004.
num_inconsistent_stats: 0.

CodeHeap 'non-profiled nmethods': size=120128Kb used=4105Kb max_used=4160Kb free=116022Kb
 bounds [0x0000000012e10000, 0x0000000013230000, 0x000000001a360000]
CodeHeap 'profiled nmethods': size=120000Kb used=12505Kb max_used=13323Kb free=107494Kb
 bounds [0x000000000b360000, 0x000000000c070000, 0x0000000012890000]
CodeHeap 'non-nmethods': size=5632Kb used=2837Kb max_used=2877Kb free=2794Kb
 bounds [0x0000000012890000, 0x0000000012b70000, 0x0000000012e10000]
CodeCache: size=245760Kb, used=19447Kb, max_used=20360Kb, free=226310Kb
 total_blobs=9872, nmethods=8899, adapters=879, full_count=0
Compilation: enabled, stopped_count=0, restarted_count=0

Compilation events (20 events):
Event: 123.623 Thread 0x000000001eff0450 10556       3       java.util.concurrent.ScheduledThreadPoolExecutor$ScheduledFutureTask::getDelay (16 bytes)
Event: 123.624 Thread 0x000000001eff0450 nmethod 10556 0x000000000b39fb08 code [0x000000000b39fc40, 0x000000000b39fdd8]
Event: 123.866 Thread 0x000000001efe6c70 10557 %     4       com.google.common.cache.LocalCache$Segment::expand @ 56 (282 bytes)
Event: 123.933 Thread 0x000000001efe6c70 nmethod 10557% 0x0000000013140d88 code [0x0000000013141040, 0x0000000013142f40]
Event: 123.941 Thread 0x000000001efe6c70 10558   !   4       sun.nio.fs.WindowsDirectoryStream::close (59 bytes)
Event: 123.953 Thread 0x000000001efe6c70 nmethod 10558 0x00000000130e6108 code [0x00000000130e62a0, 0x00000000130e6a40]
Event: 123.953 Thread 0x000000001efe6c70 10559       4       org.gradle.internal.snapshot.impl.DirectorySnapshotter$PathVisitor::doPostVisitDirectory (85 bytes)
Event: 124.006 Thread 0x000000001efe6c70 nmethod 10559 0x000000001313f288 code [0x000000001313f500, 0x0000000013140c00]
Event: 124.007 Thread 0x000000001efe6c70 10560       4       org.gradle.internal.snapshot.impl.DirectorySnapshotterStatistics$CollectingFileVisitor::postVisitDirectory (10 bytes)
Event: 124.008 Thread 0x000000001efe6c70 nmethod 10560 0x00000000130f5e08 code [0x00000000130f5f20, 0x00000000130f6008]
Event: 124.108 Thread 0x000000001eff0450 10561       3       java.util.stream.AbstractPipeline::sourceStageSpliterator (94 bytes)
Event: 124.109 Thread 0x000000001eff0450 nmethod 10561 0x000000000b9c7408 code [0x000000000b9c75a0, 0x000000000b9c7c00]
Event: 124.906 Thread 0x000000001eff0450 10562       3       java.util.concurrent.LinkedBlockingDeque$AbstractItr::hasNext (13 bytes)
Event: 124.909 Thread 0x000000001eff0450 nmethod 10562 0x000000000b3c7808 code [0x000000000b3c7920, 0x000000000b3c7a80]
Event: 124.921 Thread 0x000000001eff0450 10563       1       org.gradle.util.internal.DefaultGradleVersion::getVersion (5 bytes)
Event: 124.921 Thread 0x000000001eff0450 nmethod 10563 0x00000000130f6d08 code [0x00000000130f6e20, 0x00000000130f6ee8]
Event: 124.922 Thread 0x000000001eff0450 10564       3       sun.nio.ch.FileKey::hashCode (15 bytes)
Event: 124.923 Thread 0x000000001eff0450 nmethod 10564 0x000000000b3dce08 code [0x000000000b3dcf20, 0x000000000b3dd038]
Event: 125.109 Thread 0x000000001eff0450 10565       3       java.lang.management.ManagementFactory$PlatformMBeanFinder::getMap (4 bytes)
Event: 125.110 Thread 0x000000001eff0450 nmethod 10565 0x000000000b433708 code [0x000000000b433820, 0x000000000b433918]

GC Heap History (20 events):
Event: 56.763 GC heap after
{Heap after GC invocations=31 (full 0):
 garbage-first heap   total reserved 2097152K, committed 158720K, used 97725K [0x0000000080000000, 0x0000000100000000)
  region size 1024K, 3 young (3072K), 3 survivors (3072K)
 Metaspace       used 72681K, committed 74624K, reserved 1114112K
  class space    used 10428K, committed 11392K, reserved 1048576K
}
Event: 74.447 GC heap before
{Heap before GC invocations=31 (full 0):
 garbage-first heap   total reserved 2097152K, committed 158720K, used 157117K [0x0000000080000000, 0x0000000100000000)
  region size 1024K, 40 young (40960K), 3 survivors (3072K)
 Metaspace       used 76789K, committed 78784K, reserved 1179648K
  class space    used 11012K, committed 11968K, reserved 1048576K
}
Event: 75.149 GC heap after
{Heap after GC invocations=32 (full 0):
 garbage-first heap   total reserved 2097152K, committed 168960K, used 125332K [0x0000000080000000, 0x0000000100000000)
  region size 1024K, 6 young (6144K), 6 survivors (6144K)
 Metaspace       used 76789K, committed 78784K, reserved 1179648K
  class space    used 11012K, committed 11968K, reserved 1048576K
}
Event: 95.816 GC heap before
{Heap before GC invocations=32 (full 0):
 garbage-first heap   total reserved 2097152K, committed 168960K, used 151956K [0x0000000080000000, 0x0000000100000000)
  region size 1024K, 33 young (33792K), 6 survivors (6144K)
 Metaspace       used 79022K, committed 81088K, reserved 1179648K
  class space    used 11333K, committed 12288K, reserved 1048576K
}
Event: 96.076 GC heap after
{Heap after GC invocations=33 (full 0):
 garbage-first heap   total reserved 2097152K, committed 202752K, used 127933K [0x0000000080000000, 0x0000000100000000)
  region size 1024K, 3 young (3072K), 3 survivors (3072K)
 Metaspace       used 79022K, committed 81088K, reserved 1179648K
  class space    used 11333K, committed 12288K, reserved 1048576K
}
Event: 102.156 GC heap before
{Heap before GC invocations=34 (full 0):
 garbage-first heap   total reserved 2097152K, committed 215040K, used 185277K [0x0000000080000000, 0x0000000100000000)
  region size 1024K, 56 young (57344K), 3 survivors (3072K)
 Metaspace       used 80208K, committed 82304K, reserved 1179648K
  class space    used 11500K, committed 12480K, reserved 1048576K
}
Event: 102.266 GC heap after
{Heap after GC invocations=35 (full 0):
 garbage-first heap   total reserved 2097152K, committed 215040K, used 145920K [0x0000000080000000, 0x0000000100000000)
  region size 1024K, 7 young (7168K), 7 survivors (7168K)
 Metaspace       used 80208K, committed 82304K, reserved 1179648K
  class space    used 11500K, committed 12480K, reserved 1048576K
}
Event: 102.400 GC heap before
{Heap before GC invocations=35 (full 0):
 garbage-first heap   total reserved 2097152K, committed 215040K, used 148992K [0x0000000080000000, 0x0000000100000000)
  region size 1024K, 10 young (10240K), 7 survivors (7168K)
 Metaspace       used 80208K, committed 82304K, reserved 1179648K
  class space    used 11500K, committed 12480K, reserved 1048576K
}
Event: 102.462 GC heap after
{Heap after GC invocations=36 (full 0):
 garbage-first heap   total reserved 2097152K, committed 215040K, used 147456K [0x0000000080000000, 0x0000000100000000)
  region size 1024K, 2 young (2048K), 2 survivors (2048K)
 Metaspace       used 80208K, committed 82304K, reserved 1179648K
  class space    used 11500K, committed 12480K, reserved 1048576K
}
Event: 103.632 GC heap before
{Heap before GC invocations=36 (full 0):
 garbage-first heap   total reserved 2097152K, committed 215040K, used 156672K [0x0000000080000000, 0x0000000100000000)
  region size 1024K, 12 young (12288K), 2 survivors (2048K)
 Metaspace       used 80208K, committed 82304K, reserved 1179648K
  class space    used 11500K, committed 12480K, reserved 1048576K
}
Event: 103.698 GC heap after
{Heap after GC invocations=37 (full 0):
 garbage-first heap   total reserved 2097152K, committed 215040K, used 150016K [0x0000000080000000, 0x0000000100000000)
  region size 1024K, 2 young (2048K), 2 survivors (2048K)
 Metaspace       used 80208K, committed 82304K, reserved 1179648K
  class space    used 11500K, committed 12480K, reserved 1048576K
}
Event: 110.122 GC heap before
{Heap before GC invocations=37 (full 0):
 garbage-first heap   total reserved 2097152K, committed 215040K, used 188928K [0x0000000080000000, 0x0000000100000000)
  region size 1024K, 41 young (41984K), 2 survivors (2048K)
 Metaspace       used 80228K, committed 82304K, reserved 1179648K
  class space    used 11500K, committed 12480K, reserved 1048576K
}
Event: 110.159 GC heap after
{Heap after GC invocations=38 (full 0):
 garbage-first heap   total reserved 2097152K, committed 215040K, used 151903K [0x0000000080000000, 0x0000000100000000)
  region size 1024K, 4 young (4096K), 4 survivors (4096K)
 Metaspace       used 80228K, committed 82304K, reserved 1179648K
  class space    used 11500K, committed 12480K, reserved 1048576K
}
Event: 115.099 GC heap before
{Heap before GC invocations=38 (full 0):
 garbage-first heap   total reserved 2097152K, committed 215040K, used 192863K [0x0000000080000000, 0x0000000100000000)
  region size 1024K, 45 young (46080K), 4 survivors (4096K)
 Metaspace       used 80229K, committed 82304K, reserved 1179648K
  class space    used 11500K, committed 12480K, reserved 1048576K
}
Event: 115.129 GC heap after
{Heap after GC invocations=39 (full 0):
 garbage-first heap   total reserved 2097152K, committed 215040K, used 154273K [0x0000000080000000, 0x0000000100000000)
  region size 1024K, 4 young (4096K), 4 survivors (4096K)
 Metaspace       used 80229K, committed 82304K, reserved 1179648K
  class space    used 11500K, committed 12480K, reserved 1048576K
}
Event: 120.053 GC heap before
{Heap before GC invocations=39 (full 0):
 garbage-first heap   total reserved 2097152K, committed 215040K, used 196257K [0x0000000080000000, 0x0000000100000000)
  region size 1024K, 45 young (46080K), 4 survivors (4096K)
 Metaspace       used 80231K, committed 82304K, reserved 1179648K
  class space    used 11500K, committed 12480K, reserved 1048576K
}
Event: 120.110 GC heap after
{Heap after GC invocations=40 (full 0):
 garbage-first heap   total reserved 2097152K, committed 215040K, used 156759K [0x0000000080000000, 0x0000000100000000)
  region size 1024K, 5 young (5120K), 5 survivors (5120K)
 Metaspace       used 80231K, committed 82304K, reserved 1179648K
  class space    used 11500K, committed 12480K, reserved 1048576K
}
Event: 124.447 GC heap before
{Heap before GC invocations=41 (full 0):
 garbage-first heap   total reserved 2097152K, committed 260096K, used 192599K [0x0000000080000000, 0x0000000100000000)
  region size 1024K, 42 young (43008K), 5 survivors (5120K)
 Metaspace       used 80231K, committed 82304K, reserved 1179648K
  class space    used 11500K, committed 12480K, reserved 1048576K
}
Event: 124.497 GC heap after
{Heap after GC invocations=42 (full 0):
 garbage-first heap   total reserved 2097152K, committed 260096K, used 156315K [0x0000000080000000, 0x0000000100000000)
  region size 1024K, 4 young (4096K), 4 survivors (4096K)
 Metaspace       used 80231K, committed 82304K, reserved 1179648K
  class space    used 11500K, committed 12480K, reserved 1048576K
}
Event: 125.746 GC heap before
{Heap before GC invocations=42 (full 0):
 garbage-first heap   total reserved 2097152K, committed 260096K, used 184987K [0x0000000080000000, 0x0000000100000000)
  region size 1024K, 32 young (32768K), 4 survivors (4096K)
 Metaspace       used 80232K, committed 82304K, reserved 1179648K
  class space    used 11500K, committed 12480K, reserved 1048576K
}

Dll operation events (13 events):
Event: 0.062 Loaded shared library C:\Program Files\Java\jdk-23\bin\java.dll
Event: 0.211 Loaded shared library C:\Program Files\Java\jdk-23\bin\jsvml.dll
Event: 0.305 Loaded shared library C:\Program Files\Java\jdk-23\bin\net.dll
Event: 0.314 Loaded shared library C:\Program Files\Java\jdk-23\bin\nio.dll
Event: 0.329 Loaded shared library C:\Program Files\Java\jdk-23\bin\zip.dll
Event: 0.718 Loaded shared library C:\Program Files\Java\jdk-23\bin\jimage.dll
Event: 1.112 Loaded shared library C:\Program Files\Java\jdk-23\bin\verify.dll
Event: 1.889 Loaded shared library C:\Program Files\Java\jdk-23\native\68d5fa5c4cc2d200863cafc0d521ce42e7d3e7ee720ec0a83991735586a16f82\windows-amd64\native-platform.dll
Event: 1.947 Loaded shared library C:\Program Files\Java\jdk-23\native\e376f236ea51e6404a007f0833ffe2c6e607c4080706a723a18a27aeea778392\windows-amd64\native-platform-file-events.dll
Event: 4.021 Loaded shared library C:\Program Files\Java\jdk-23\bin\management.dll
Event: 4.032 Loaded shared library C:\Program Files\Java\jdk-23\bin\management_ext.dll
Event: 4.589 Loaded shared library C:\Program Files\Java\jdk-23\bin\extnet.dll
Event: 5.024 Loaded shared library C:\Program Files\Java\jdk-23\bin\sunmscapi.dll

Deoptimization events (20 events):
Event: 102.719 Thread 0x0000000067ca8f10 DEOPT PACKING pc=0x000000000c0542ea sp=0x000000006a8ce5a0
Event: 102.719 Thread 0x0000000067ca8f10 DEOPT UNPACKING pc=0x00000000128e4b83 sp=0x000000006a8cdc18 mode 0
Event: 102.722 Thread 0x0000000067ca8f10 DEOPT PACKING pc=0x000000000c0542ea sp=0x000000006a8ce5a0
Event: 102.722 Thread 0x0000000067ca8f10 DEOPT UNPACKING pc=0x00000000128e4b83 sp=0x000000006a8cdc18 mode 0
Event: 102.724 Thread 0x0000000067ca8f10 DEOPT PACKING pc=0x000000000c0542ea sp=0x000000006a8ce5a0
Event: 102.724 Thread 0x0000000067ca8f10 DEOPT UNPACKING pc=0x00000000128e4b83 sp=0x000000006a8cdc18 mode 0
Event: 102.726 Thread 0x0000000067ca8f10 DEOPT PACKING pc=0x000000000c0542ea sp=0x000000006a8ce5a0
Event: 102.726 Thread 0x0000000067ca8f10 DEOPT UNPACKING pc=0x00000000128e4b83 sp=0x000000006a8cdc18 mode 0
Event: 103.063 Thread 0x00000000699124e0 Uncommon trap: trap_request=0xffffff45 fr.pc=0x00000000130002dc relative=0x000000000000031c
Event: 103.063 Thread 0x00000000699124e0 Uncommon trap: reason=unstable_if action=reinterpret pc=0x00000000130002dc method=java.lang.StringLatin1.compareToCI([B[B)I @ 68 c2
Event: 103.063 Thread 0x00000000699124e0 DEOPT PACKING pc=0x00000000130002dc sp=0x000000006c96c2f0
Event: 103.063 Thread 0x00000000699124e0 DEOPT UNPACKING pc=0x00000000128e43fc sp=0x000000006c96c1e0 mode 2
Event: 103.064 Thread 0x00000000699124e0 Uncommon trap: trap_request=0xffffff45 fr.pc=0x0000000012f24954 relative=0x00000000000002b4
Event: 103.064 Thread 0x00000000699124e0 Uncommon trap: reason=unstable_if action=reinterpret pc=0x0000000012f24954 method=java.lang.StringLatin1.compareToCI([B[B)I @ 68 c2
Event: 103.064 Thread 0x00000000699124e0 DEOPT PACKING pc=0x0000000012f24954 sp=0x000000006c96c250
Event: 103.065 Thread 0x00000000699124e0 DEOPT UNPACKING pc=0x00000000128e43fc sp=0x000000006c96c1d8 mode 2
Event: 107.681 Thread 0x00000000699124e0 DEOPT PACKING pc=0x000000000b3d7b7e sp=0x000000006c96c0f0
Event: 107.681 Thread 0x00000000699124e0 DEOPT UNPACKING pc=0x00000000128e4b83 sp=0x000000006c96b5b8 mode 0
Event: 108.223 Thread 0x00000000699124e0 DEOPT PACKING pc=0x000000000b3d7b7e sp=0x000000006c96c0f0
Event: 108.224 Thread 0x00000000699124e0 DEOPT UNPACKING pc=0x00000000128e4b83 sp=0x000000006c96b5b8 mode 0

Classes loaded (20 events):
Event: 98.199 Loading class java/lang/NumberBeanInfo
Event: 98.199 Loading class java/lang/NumberBeanInfo done
Event: 98.199 Loading class java/lang/NumberCustomizer
Event: 98.199 Loading class java/lang/NumberCustomizer done
Event: 98.199 Loading class java/lang/NumberCustomizer
Event: 98.199 Loading class java/lang/NumberCustomizer done
Event: 98.200 Loading class java/lang/IntegerCustomizer
Event: 98.200 Loading class java/lang/IntegerCustomizer done
Event: 98.200 Loading class java/lang/IntegerCustomizer
Event: 98.200 Loading class java/lang/IntegerCustomizer done
Event: 98.200 Loading class jdk/internal/ValueBased
Event: 98.202 Loading class jdk/internal/ValueBased done
Event: 98.748 Loading class java/util/AbstractListBeanInfo
Event: 98.750 Loading class java/util/AbstractListBeanInfo done
Event: 98.751 Loading class java/util/AbstractListBeanInfo
Event: 98.751 Loading class java/util/AbstractListBeanInfo done
Event: 98.751 Loading class java/util/AbstractListCustomizer
Event: 98.751 Loading class java/util/AbstractListCustomizer done
Event: 98.752 Loading class java/util/AbstractListCustomizer
Event: 98.752 Loading class java/util/AbstractListCustomizer done

Classes unloaded (0 events):
No events

Classes redefined (0 events):
No events

Internal exceptions (20 events):
Event: 98.331 Thread 0x0000000066857bf0 Exception <a 'java/lang/ClassNotFoundException'{0x000000008c824ff0}: org/gradle/internal/extensibility/ExtensionsStorage$ExtensionHolderBeanInfo> (0x000000008c824ff0) 
thrown [s\open\src\hotspot\share\classfile\systemDictionary.cpp, line 313]
Event: 98.332 Thread 0x0000000066857bf0 Exception <a 'java/lang/ClassNotFoundException'{0x000000008c82c2f0}: org/gradle/internal/extensibility/ExtensionsStorage$ExtensionHolderCustomizer> (0x000000008c82c2f0) 
thrown [s\open\src\hotspot\share\classfile\systemDictionary.cpp, line 313]
Event: 98.634 Thread 0x0000000066857bf0 Exception <a 'java/lang/ClassNotFoundException'{0x000000008c8e2200}: org/gradle/internal/service/scopes/ProjectScopeServicesBeanInfo> (0x000000008c8e2200) 
thrown [s\open\src\hotspot\share\classfile\systemDictionary.cpp, line 313]
Event: 98.635 Thread 0x0000000066857bf0 Exception <a 'java/lang/ClassNotFoundException'{0x000000008c8e93f0}: org/gradle/internal/service/scopes/ProjectScopeServicesCustomizer> (0x000000008c8e93f0) 
thrown [s\open\src\hotspot\share\classfile\systemDictionary.cpp, line 313]
Event: 98.665 Thread 0x0000000066857bf0 Exception <a 'java/lang/ClassNotFoundException'{0x000000008c73d028}: org/gradle/api/internal/catalog/DefaultDependenciesAccessorsBeanInfo> (0x000000008c73d028) 
thrown [s\open\src\hotspot\share\classfile\systemDictionary.cpp, line 313]
Event: 98.667 Thread 0x0000000066857bf0 Exception <a 'java/lang/ClassNotFoundException'{0x000000008c746630}: org/gradle/api/internal/catalog/DefaultDependenciesAccessorsCustomizer> (0x000000008c746630) 
thrown [s\open\src\hotspot\share\classfile\systemDictionary.cpp, line 313]
Event: 98.683 Thread 0x0000000066857bf0 Exception <a 'java/lang/ClassNotFoundException'{0x000000008c766850}: org/gradle/internal/classpath/DefaultClassPathBeanInfo> (0x000000008c766850) 
thrown [s\open\src\hotspot\share\classfile\systemDictionary.cpp, line 313]
Event: 98.684 Thread 0x0000000066857bf0 Exception <a 'java/lang/ClassNotFoundException'{0x000000008c76d908}: org/gradle/internal/classpath/DefaultClassPathCustomizer> (0x000000008c76d908) 
thrown [s\open\src\hotspot\share\classfile\systemDictionary.cpp, line 313]
Event: 98.746 Thread 0x0000000066857bf0 Exception <a 'java/lang/ClassNotFoundException'{0x000000008c6abae0}: org/gradle/internal/classpath/DefaultClassPath$ImmutableUniqueListBeanInfo> (0x000000008c6abae0) 
thrown [s\open\src\hotspot\share\classfile\systemDictionary.cpp, line 313]
Event: 98.751 Thread 0x0000000066857bf0 Exception <a 'java/lang/ClassNotFoundException'{0x000000008c6af9a8}: java/util/AbstractListBeanInfo> (0x000000008c6af9a8) 
thrown [s\open\src\hotspot\share\classfile\systemDictionary.cpp, line 313]
Event: 98.752 Thread 0x0000000066857bf0 Exception <a 'java/lang/ClassNotFoundException'{0x000000008c6b3848}: java/util/AbstractListCustomizer> (0x000000008c6b3848) 
thrown [s\open\src\hotspot\share\classfile\systemDictionary.cpp, line 313]
Event: 98.777 Thread 0x0000000066857bf0 Exception <a 'java/lang/ClassNotFoundException'{0x000000008c6e5c30}: org/gradle/internal/classpath/DefaultClassPath$ImmutableUniqueListCustomizer> (0x000000008c6e5c30) 
thrown [s\open\src\hotspot\share\classfile\systemDictionary.cpp, line 313]
Event: 98.813 Thread 0x0000000066857bf0 Exception <a 'java/lang/ClassNotFoundException'{0x000000008c52b410}: org/jetbrains/plugins/gradle/model/DefaultDependencyAccessorsModelBeanInfo> (0x000000008c52b410) 
thrown [s\open\src\hotspot\share\classfile\systemDictionary.cpp, line 313]
Event: 98.814 Thread 0x0000000066857bf0 Exception <a 'java/lang/ClassNotFoundException'{0x000000008c532ff8}: org/jetbrains/plugins/gradle/model/DefaultDependencyAccessorsModelCustomizer> (0x000000008c532ff8) 
thrown [s\open\src\hotspot\share\classfile\systemDictionary.cpp, line 313]
Event: 98.872 Thread 0x0000000067840550 Exception <a 'java/lang/NoSuchMethodError'{0x000000008c72f920}: static Lorg/jetbrains/plugins/gradle/tooling/internal/VersionCatalogsModelImpl;.<clinit>()V> (0x000000008c72f920) 
thrown [s\open\src\hotspot\share\prims\jni.cpp, line 1111]
Event: 99.034 Thread 0x0000000066857bf0 Exception <a 'java/lang/ClassNotFoundException'{0x000000008c37d2b0}: org/gradle/api/internal/tasks/DefaultSourceSetContainer_DecoratedBeanInfo> (0x000000008c37d2b0) 
thrown [s\open\src\hotspot\share\classfile\systemDictionary.cpp, line 313]
Event: 99.036 Thread 0x0000000066857bf0 Exception <a 'java/lang/ClassNotFoundException'{0x000000008c386af8}: org/gradle/api/internal/tasks/DefaultSourceSetContainerBeanInfo> (0x000000008c386af8) 
thrown [s\open\src\hotspot\share\classfile\systemDictionary.cpp, line 313]
Event: 99.036 Thread 0x0000000066857bf0 Exception <a 'java/lang/ClassNotFoundException'{0x000000008c3900b8}: org/gradle/api/internal/tasks/DefaultSourceSetContainerCustomizer> (0x000000008c3900b8) 
thrown [s\open\src\hotspot\share\classfile\systemDictionary.cpp, line 313]
Event: 99.063 Thread 0x0000000066857bf0 Exception <a 'java/lang/ClassNotFoundException'{0x000000008c3b4488}: org/gradle/api/internal/tasks/DefaultSourceSetContainer_DecoratedCustomizer> (0x000000008c3b4488) 
thrown [s\open\src\hotspot\share\classfile\systemDictionary.cpp, line 313]
Event: 100.237 Thread 0x00000000699124e0 Exception <a 'java/lang/NoSuchMethodError'{0x000000008b9e91b8}: 'java.lang.Object java.lang.invoke.DirectMethodHandle$Holder.invokeSpecialIFC(java.lang.Object, java.lang.Object, java.lang.Object)'> (0x000000008b9e91b8) 
thrown [s\open\src\hotspot\share\interpreter\linkResolver.cpp, line 796]

VM Operations (20 events):
Event: 102.462 Executing VM operation: G1CollectForAllocation (G1 Evacuation Pause) done
Event: 103.632 Executing VM operation: G1CollectForAllocation (G1 Evacuation Pause)
Event: 103.698 Executing VM operation: G1CollectForAllocation (G1 Evacuation Pause) done
Event: 110.122 Executing VM operation: G1CollectForAllocation (G1 Evacuation Pause)
Event: 110.160 Executing VM operation: G1CollectForAllocation (G1 Evacuation Pause) done
Event: 115.099 Executing VM operation: G1CollectForAllocation (G1 Evacuation Pause)
Event: 115.129 Executing VM operation: G1CollectForAllocation (G1 Evacuation Pause) done
Event: 120.053 Executing VM operation: G1CollectForAllocation (G1 Evacuation Pause)
Event: 120.111 Executing VM operation: G1CollectForAllocation (G1 Evacuation Pause) done
Event: 120.173 Executing VM operation: HandshakeAllThreads (HandshakeForDeflation)
Event: 120.174 Executing VM operation: HandshakeAllThreads (HandshakeForDeflation) done
Event: 120.174 Executing VM operation: RendezvousGCThreads
Event: 120.175 Executing VM operation: RendezvousGCThreads done
Event: 122.008 Executing VM operation: G1PauseRemark
Event: 122.515 Executing VM operation: G1PauseRemark done
Event: 122.703 Executing VM operation: G1PauseCleanup
Event: 122.703 Executing VM operation: G1PauseCleanup done
Event: 124.447 Executing VM operation: G1CollectForAllocation (G1 Evacuation Pause)
Event: 124.497 Executing VM operation: G1CollectForAllocation (G1 Evacuation Pause) done
Event: 125.746 Executing VM operation: G1CollectForAllocation (G1 Evacuation Pause)

Memory protections (0 events):
No events

Nmethod flushes (20 events):
Event: 122.463 Thread 0x000000001efbbfb0 flushing  nmethod 0x000000000bced088
Event: 122.464 Thread 0x000000001efbbfb0 flushing  nmethod 0x000000000bcf6908
Event: 122.464 Thread 0x000000001efbbfb0 flushing  nmethod 0x000000000bd3b008
Event: 122.464 Thread 0x000000001efbbfb0 flushing  nmethod 0x000000000bd86808
Event: 122.465 Thread 0x000000001efbbfb0 flushing  nmethod 0x000000000bda4f88
Event: 122.465 Thread 0x000000001efbbfb0 flushing  nmethod 0x000000000bdb1908
Event: 122.466 Thread 0x000000001efbbfb0 flushing  nmethod 0x000000000be13588
Event: 122.466 Thread 0x000000001efbbfb0 flushing  nmethod 0x000000000be22588
Event: 122.466 Thread 0x000000001efbbfb0 flushing  nmethod 0x000000000be5f488
Event: 122.467 Thread 0x000000001efbbfb0 flushing  nmethod 0x000000000bebc488
Event: 122.467 Thread 0x000000001efbbfb0 flushing  nmethod 0x000000000bec0008
Event: 122.467 Thread 0x000000001efbbfb0 flushing  nmethod 0x000000000bec2e88
Event: 122.468 Thread 0x000000001efbbfb0 flushing  nmethod 0x000000000bed8408
Event: 122.468 Thread 0x000000001efbbfb0 flushing  nmethod 0x000000000beeb488
Event: 122.468 Thread 0x000000001efbbfb0 flushing  nmethod 0x000000000bf10388
Event: 122.468 Thread 0x000000001efbbfb0 flushing  nmethod 0x000000000bf14d08
Event: 122.468 Thread 0x000000001efbbfb0 flushing  nmethod 0x000000000bf37308
Event: 122.468 Thread 0x000000001efbbfb0 flushing  nmethod 0x000000000bf41488
Event: 122.468 Thread 0x000000001efbbfb0 flushing  nmethod 0x000000000bf43188
Event: 122.468 Thread 0x000000001efbbfb0 flushing  nmethod 0x000000000c022a08

Events (20 events):
Event: 23.184 Thread 0x0000000066857bf0 Thread added: 0x0000000069916680
Event: 23.185 Thread 0x0000000066857bf0 Thread added: 0x00000000699145b0
Event: 23.185 Thread 0x0000000066857bf0 Thread added: 0x000000006990f6f0
Event: 23.185 Thread 0x0000000066857bf0 Thread added: 0x0000000069914c40
Event: 23.185 Thread 0x0000000066857bf0 Thread added: 0x0000000069911e50
Event: 23.185 Thread 0x0000000066857bf0 Thread added: 0x0000000069912b70
Event: 23.185 Thread 0x0000000066857bf0 Thread added: 0x0000000069913890
Event: 23.186 Thread 0x0000000066857bf0 Thread added: 0x00000000695f8b30
Event: 23.187 Thread 0x0000000066857bf0 Thread added: 0x00000000695f9850
Event: 23.187 Thread 0x0000000066857bf0 Thread added: 0x00000000695f7e10
Event: 23.187 Thread 0x0000000066857bf0 Thread added: 0x00000000695f7780
Event: 23.187 Thread 0x0000000066857bf0 Thread added: 0x00000000695f84a0
Event: 23.187 Thread 0x0000000066857bf0 Thread added: 0x00000000695f6a60
Event: 23.188 Thread 0x0000000066857bf0 Thread added: 0x00000000695f70f0
Event: 28.617 Thread 0x0000000066857bf0 Thread added: 0x0000000067ea3d80
Event: 65.642 Thread 0x0000000066858fa0 Thread exited: 0x0000000066858fa0
Event: 76.804 Thread 0x0000000066857bf0 Thread added: 0x000000006783d0d0
Event: 77.256 Thread 0x000000006783d0d0 Thread added: 0x000000006783d760
Event: 77.686 Thread 0x000000006783d760 Thread added: 0x000000006783b000
Event: 88.247 Thread 0x0000000066857bf0 Thread added: 0x0000000067840550


Dynamic libraries:
0x00007ff748ef0000 - 0x00007ff748efe000 	C:\Program Files\Java\jdk-23\bin\java.exe
0x00007ffe17c30000 - 0x00007ffe17e47000 	C:\Windows\SYSTEM32\ntdll.dll
0x00007ffe16090000 - 0x00007ffe16154000 	C:\Windows\System32\KERNEL32.DLL
0x00007ffe150c0000 - 0x00007ffe1546c000 	C:\Windows\System32\KERNELBASE.dll
0x00007ffe154a0000 - 0x00007ffe155b1000 	C:\Windows\System32\ucrtbase.dll
0x00007ffdd4d70000 - 0x00007ffdd4d87000 	C:\Program Files\Java\jdk-23\bin\jli.dll
0x00007ffe16790000 - 0x00007ffe1693e000 	C:\Windows\System32\USER32.dll
0x00007ffe15470000 - 0x00007ffe15496000 	C:\Windows\System32\win32u.dll
0x00007ffe17830000 - 0x00007ffe17859000 	C:\Windows\System32\GDI32.dll
0x00007ffe15850000 - 0x00007ffe15969000 	C:\Windows\System32\gdi32full.dll
0x00007ffe15020000 - 0x00007ffe150ba000 	C:\Windows\System32\msvcp_win.dll
0x00007ffdd3a90000 - 0x00007ffdd3aab000 	C:\Program Files\Java\jdk-23\bin\VCRUNTIME140.dll
0x00007ffe01580000 - 0x00007ffe01813000 	C:\Windows\WinSxS\amd64_microsoft.windows.common-controls_6595b64144ccf1df_6.0.22621.3672_none_2713b9d173822955\COMCTL32.dll
0x00007ffe15a40000 - 0x00007ffe15ae7000 	C:\Windows\System32\msvcrt.dll
0x00007ffe16750000 - 0x00007ffe16781000 	C:\Windows\System32\IMM32.DLL
0x00007ffe0b7a0000 - 0x00007ffe0b7ac000 	C:\Program Files\Java\jdk-23\bin\vcruntime140_1.dll
0x00007ffdd3a00000 - 0x00007ffdd3a8e000 	C:\Program Files\Java\jdk-23\bin\msvcp140.dll
0x00007ffd93ce0000 - 0x00007ffd94a2f000 	C:\Program Files\Java\jdk-23\bin\server\jvm.dll
0x00007ffe16670000 - 0x00007ffe16722000 	C:\Windows\System32\ADVAPI32.dll
0x00007ffe17780000 - 0x00007ffe1782a000 	C:\Windows\System32\sechost.dll
0x00007ffe157a0000 - 0x00007ffe157c8000 	C:\Windows\System32\bcrypt.dll
0x00007ffe15d30000 - 0x00007ffe15e45000 	C:\Windows\System32\RPCRT4.dll
0x00007ffe165e0000 - 0x00007ffe16651000 	C:\Windows\System32\WS2_32.dll
0x00007ffe14e20000 - 0x00007ffe14e6d000 	C:\Windows\SYSTEM32\POWRPROF.dll
0x00007ffe0d990000 - 0x00007ffe0d9c4000 	C:\Windows\SYSTEM32\WINMM.dll
0x00007ffe02950000 - 0x00007ffe0295a000 	C:\Windows\SYSTEM32\VERSION.dll
0x00007ffe14d50000 - 0x00007ffe14d63000 	C:\Windows\SYSTEM32\UMPDC.dll
0x00007ffe13f50000 - 0x00007ffe13f68000 	C:\Windows\SYSTEM32\kernel.appcore.dll
0x00007ffe06890000 - 0x00007ffe0689a000 	C:\Program Files\Java\jdk-23\bin\jimage.dll
0x00007ffe128f0000 - 0x00007ffe12b22000 	C:\Windows\SYSTEM32\DBGHELP.DLL
0x00007ffe17860000 - 0x00007ffe17be8000 	C:\Windows\System32\combase.dll
0x00007ffe17540000 - 0x00007ffe17617000 	C:\Windows\System32\OLEAUT32.dll
0x00007ffdfd2a0000 - 0x00007ffdfd2d2000 	C:\Windows\SYSTEM32\dbgcore.DLL
0x00007ffe157d0000 - 0x00007ffe1584b000 	C:\Windows\System32\bcryptPrimitives.dll
0x00007ffdd39e0000 - 0x00007ffdd39fe000 	C:\Program Files\Java\jdk-23\bin\java.dll
0x00007ffe17300000 - 0x00007ffe174a5000 	C:\Windows\System32\ole32.dll
0x00007ffe169a0000 - 0x00007ffe171fc000 	C:\Windows\System32\SHELL32.dll
0x00007ffe12d80000 - 0x00007ffe13677000 	C:\Windows\SYSTEM32\windows.storage.dll
0x00007ffe12c40000 - 0x00007ffe12d7f000 	C:\Windows\SYSTEM32\wintypes.dll
0x00007ffe17200000 - 0x00007ffe172f4000 	C:\Windows\System32\SHCORE.dll
0x00007ffe16940000 - 0x00007ffe1699e000 	C:\Windows\System32\shlwapi.dll
0x00007ffe14e90000 - 0x00007ffe14eb1000 	C:\Windows\SYSTEM32\profapi.dll
0x00007ffdc87e0000 - 0x00007ffdc88b7000 	C:\Program Files\Java\jdk-23\bin\jsvml.dll
0x00007ffde4340000 - 0x00007ffde4350000 	C:\Program Files\Java\jdk-23\bin\net.dll
0x00007ffe143c0000 - 0x00007ffe14429000 	C:\Windows\system32\mswsock.dll
0x00007ffdd39c0000 - 0x00007ffdd39d6000 	C:\Program Files\Java\jdk-23\bin\nio.dll
0x00007ffdd39a0000 - 0x00007ffdd39b7000 	C:\Program Files\Java\jdk-23\bin\zip.dll
0x00007ffde4090000 - 0x00007ffde40a0000 	C:\Program Files\Java\jdk-23\bin\verify.dll
0x00007ffdd3ab0000 - 0x00007ffdd3ad7000 	C:\Program Files\Java\jdk-23\native\68d5fa5c4cc2d200863cafc0d521ce42e7d3e7ee720ec0a83991735586a16f82\windows-amd64\native-platform.dll
0x00007ffda7740000 - 0x00007ffda7884000 	C:\Program Files\Java\jdk-23\native\e376f236ea51e6404a007f0833ffe2c6e607c4080706a723a18a27aeea778392\windows-amd64\native-platform-file-events.dll
0x00007ffde2fc0000 - 0x00007ffde2fca000 	C:\Program Files\Java\jdk-23\bin\management.dll
0x00007ffde0220000 - 0x00007ffde022b000 	C:\Program Files\Java\jdk-23\bin\management_ext.dll
0x00007ffe16660000 - 0x00007ffe16668000 	C:\Windows\System32\PSAPI.DLL
0x00007ffe145e0000 - 0x00007ffe145fb000 	C:\Windows\SYSTEM32\CRYPTSP.dll
0x00007ffe13eb0000 - 0x00007ffe13ee5000 	C:\Windows\system32\rsaenh.dll
0x00007ffe14480000 - 0x00007ffe144a8000 	C:\Windows\SYSTEM32\USERENV.dll
0x00007ffe14600000 - 0x00007ffe1460c000 	C:\Windows\SYSTEM32\CRYPTBASE.dll
0x00007ffe13a00000 - 0x00007ffe13a2d000 	C:\Windows\SYSTEM32\IPHLPAPI.DLL
0x00007ffe15eb0000 - 0x00007ffe15eb9000 	C:\Windows\System32\NSI.dll
0x00007ffddf0f0000 - 0x00007ffddf0f9000 	C:\Program Files\Java\jdk-23\bin\extnet.dll
0x00007ffdddea0000 - 0x00007ffdddeae000 	C:\Program Files\Java\jdk-23\bin\sunmscapi.dll
0x00007ffe155c0000 - 0x00007ffe15727000 	C:\Windows\System32\CRYPT32.dll
0x00007ffe14820000 - 0x00007ffe1484e000 	C:\Windows\SYSTEM32\ncrypt.dll
0x00007ffe147e0000 - 0x00007ffe14817000 	C:\Windows\SYSTEM32\NTASN1.dll
0x00007ffe00420000 - 0x00007ffe00428000 	C:\Windows\system32\wshunix.dll

dbghelp: loaded successfully - version: 4.0.5 - missing functions: none
symbol engine: initialized successfully - sym options: 0x614 - pdb path: .;C:\Program Files\Java\jdk-23\bin;C:\Windows\SYSTEM32;C:\Windows\WinSxS\amd64_microsoft.windows.common-controls_6595b64144ccf1df_6.0.22621.3672_none_2713b9d173822955;C:\Program Files\Java\jdk-23\bin\server;C:\Program Files\Java\jdk-23\native\68d5fa5c4cc2d200863cafc0d521ce42e7d3e7ee720ec0a83991735586a16f82\windows-amd64;C:\Program Files\Java\jdk-23\native\e376f236ea51e6404a007f0833ffe2c6e607c4080706a723a18a27aeea778392\windows-amd64

VM Arguments:
jvm_args: --add-opens=java.base/java.util=ALL-UNNAMED --add-opens=java.base/java.lang=ALL-UNNAMED --add-opens=java.base/java.lang.invoke=ALL-UNNAMED --add-opens=java.prefs/java.util.prefs=ALL-UNNAMED --add-opens=java.base/java.nio.charset=ALL-UNNAMED --add-opens=java.base/java.net=ALL-UNNAMED --add-opens=java.base/java.util.concurrent.atomic=ALL-UNNAMED -Xmx2048m -Dfile.encoding=UTF-8 -Duser.country=US -Duser.language=en -Duser.variant 
java_command: org.gradle.launcher.daemon.bootstrap.GradleDaemon 8.0
java_class_path (initial): C:\Program Files\Java\jdk-23\wrapper\dists\gradle-8.0-bin\ca5e32bp14vu59qr306oxotwh\gradle-8.0\lib\gradle-launcher-8.0.jar
Launcher Type: SUN_STANDARD

[Global flags]
     intx CICompilerCount                          = 2                                         {product} {ergonomic}
     uint ConcGCThreads                            = 1                                         {product} {ergonomic}
     uint G1ConcRefinementThreads                  = 2                                         {product} {ergonomic}
   size_t G1HeapRegionSize                         = 1048576                                   {product} {ergonomic}
   size_t InitialHeapSize                          = 62914560                                  {product} {ergonomic}
   size_t MarkStackSize                            = 4194304                                   {product} {ergonomic}
   size_t MarkStackSizeMax                         = 536870912                                 {product} {ergonomic}
   size_t MaxHeapSize                              = 2147483648                                {product} {command line}
   size_t MaxNewSize                               = 1287651328                                {product} {ergonomic}
   size_t MinHeapDeltaBytes                        = 1048576                                   {product} {ergonomic}
   size_t MinHeapSize                              = 8388608                                   {product} {ergonomic}
    uintx NonNMethodCodeHeapSize                   = 5767168                                {pd product} {ergonomic}
    uintx NonProfiledCodeHeapSize                  = 123011072                              {pd product} {ergonomic}
    uintx ProfiledCodeHeapSize                     = 122880000                              {pd product} {ergonomic}
    uintx ReservedCodeCacheSize                    = 251658240                              {pd product} {ergonomic}
     bool SegmentedCodeCache                       = true                                      {product} {ergonomic}
   size_t SoftMaxHeapSize                          = 2147483648                             {manageable} {ergonomic}
     bool UseCompressedOops                        = true                           {product lp64_product} {ergonomic}
     bool UseG1GC                                  = true                                      {product} {ergonomic}
     bool UseLargePagesIndividualAllocation        = false                                  {pd product} {ergonomic}

Logging:
Log output configuration:
 #0: stdout all=warning uptime,level,tags foldmultilines=false
 #1: stderr all=off uptime,level,tags foldmultilines=false

Environment Variables:
JAVA_HOME=C:\Program Files\Java\jdk-23
PATH=C:\Program Files (x86)\Common Files\Oracle\Java\java8path;C:\Program Files (x86)\Common Files\Oracle\Java\javapath;C:\Python312\Scripts\;C:\Python312\;C:\Windows\system32;C:\Windows;C:\Windows\System32\Wbem;C:\Windows\System32\WindowsPowerShell\v1.0\;C:\Windows\System32\OpenSSH\;C:\Program Files\dotnet\;C:\Program Files\Microsoft VS Code\bin;C:\Program Files\Git\cmd;C:\Program Files\nodejs\;C:\ProgramData\chocolatey\bin;C:\Program Files\Java\jdk-23\bin;C:\cygwin64\bin;C:\Users\Admin\AppData\Local\Microsoft\WindowsApps;C:\Users\Admin\AppData\Local\Programs\Microsoft VS Code\bin;C:\Users\Admin\AppData\Roaming\npm
USERNAME=Admin
OS=Windows_NT
PROCESSOR_IDENTIFIER=Intel64 Family 6 Model 122 Stepping 8, GenuineIntel
TMP=C:\Users\Admin\AppData\Local\Temp
TEMP=C:\Users\Admin\AppData\Local\Temp




Periodic native trim disabled

---------------  S Y S T E M  ---------------

OS:
 Windows 11 , 64 bit Build 22621 (10.0.22621.3672)
OS uptime: 0 days 3:47 hours
Hyper-V role detected

CPU: total 2 (initial active 2) (2 cores per cpu, 1 threads per core) family 6 model 122 stepping 8 microcode 0x20, cx8, cmov, fxsr, mmx, 3dnowpref, sse, sse2, sse3, ssse3, sse4.1, sse4.2, popcnt, tsc, tscinvbit, aes, erms, clmul, sha, clflush, clflushopt, hv, rdtscp, rdpid
Processor Information for the first 2 processors :
  Max Mhz: 1101, Current Mhz: 1101, Mhz Limit: 1101

Memory: 4k page, system-wide physical 3737M (88M free)
TotalPageFile size 9878M (AvailPageFile size 197M)
current process WorkingSet (physical memory assigned to process): 238M, peak: 307M
current process commit charge ("private bytes"): 508M, peak: 762M

vm_info: OpenJDK 64-Bit Server VM (23+37-2369) for windows-amd64 JRE (23+37-2369), built on 2024-08-20T16:01:23Z with MS VC++ 17.6 (VS2022)

END.
